{
  "0 debug pnpm:scope": {
    "selected": 1
  },
  "1 debug pnpm:package-manifest": {
    "initial": {
      "dependencies": {
        "@angular/cli": "^11.2.8"
      }
    },
    "prefix": "C:\\Users\\jvillacorta\\AppData\\Roaming\\npm\\pnpm-global\\4"
  },
  "2 debug pnpm:context": {
    "currentLockfileExists": true,
    "storeDir": "C:\\Users\\jvillacorta\\.pnpm-store\\v3",
    "virtualStoreDir": "C:\\Users\\jvillacorta\\AppData\\Roaming\\npm\\pnpm-global\\4\\node_modules\\.pnpm"
  },
  "3 debug pnpm:stage": {
    "prefix": "C:\\Users\\jvillacorta\\AppData\\Roaming\\npm\\pnpm-global\\4",
    "stage": "resolution_started"
  },
  "4 debug pnpm:_dependency_resolved": {
    "resolution": "registry.npmjs.org/@angular/cli/11.2.8",
    "wanted": {
      "dependentId": ".",
      "name": "@angular/cli",
      "rawSpec": "^11.2.8"
    }
  },
  "5 debug pnpm:progress": {
    "packageId": "registry.npmjs.org/@angular/cli/11.2.8",
    "requester": "C:\\Users\\jvillacorta\\AppData\\Roaming\\npm\\pnpm-global\\4",
    "status": "resolved"
  },
  "6 debug pnpm:progress": {
    "packageId": "registry.npmjs.org/@angular/cli/11.2.8",
    "requester": "C:\\Users\\jvillacorta\\AppData\\Roaming\\npm\\pnpm-global\\4",
    "status": "found_in_store"
  },
  "7 debug pnpm:_dependency_resolved": {
    "resolution": "registry.npmjs.org/pnpm/6.2.3",
    "wanted": {
      "dependentId": ".",
      "name": "pnpm",
      "rawSpec": "latest"
    }
  },
  "8 debug pnpm:progress": {
    "packageId": "registry.npmjs.org/pnpm/6.2.3",
    "requester": "C:\\Users\\jvillacorta\\AppData\\Roaming\\npm\\pnpm-global\\4",
    "status": "resolved"
  },
  "9 debug pnpm:_dependency_resolved": {
    "resolution": "registry.npmjs.org/@angular-devkit/core/11.2.8",
    "wanted": {
      "dependentId": "/@angular/cli/11.2.8",
      "name": "@angular-devkit/core",
      "rawSpec": "11.2.8"
    }
  },
  "10 debug pnpm:_dependency_resolved": {
    "resolution": "registry.npmjs.org/@angular-devkit/architect/0.1102.8",
    "wanted": {
      "dependentId": "/@angular/cli/11.2.8",
      "name": "@angular-devkit/architect",
      "rawSpec": "0.1102.8"
    }
  },
  "11 debug pnpm:_dependency_resolved": {
    "resolution": "registry.npmjs.org/@angular-devkit/schematics/11.2.8",
    "wanted": {
      "dependentId": "/@angular/cli/11.2.8",
      "name": "@angular-devkit/schematics",
      "rawSpec": "11.2.8"
    }
  },
  "12 debug pnpm:_dependency_resolved": {
    "resolution": "registry.npmjs.org/@schematics/angular/11.2.8",
    "wanted": {
      "dependentId": "/@angular/cli/11.2.8",
      "name": "@schematics/angular",
      "rawSpec": "11.2.8"
    }
  },
  "13 debug pnpm:_dependency_resolved": {
    "resolution": "registry.npmjs.org/@yarnpkg/lockfile/1.1.0",
    "wanted": {
      "dependentId": "/@angular/cli/11.2.8",
      "name": "@yarnpkg/lockfile",
      "rawSpec": "1.1.0"
    }
  },
  "14 debug pnpm:_dependency_resolved": {
    "resolution": "registry.npmjs.org/@schematics/update/0.1102.8",
    "wanted": {
      "dependentId": "/@angular/cli/11.2.8",
      "name": "@schematics/update",
      "rawSpec": "0.1102.8"
    }
  },
  "15 debug pnpm:_dependency_resolved": {
    "resolution": "registry.npmjs.org/ansi-colors/4.1.1",
    "wanted": {
      "dependentId": "/@angular/cli/11.2.8",
      "name": "ansi-colors",
      "rawSpec": "4.1.1"
    }
  },
  "16 debug pnpm:_dependency_resolved": {
    "resolution": "registry.npmjs.org/debug/4.3.1",
    "wanted": {
      "dependentId": "/@angular/cli/11.2.8",
      "name": "debug",
      "rawSpec": "4.3.1"
    }
  },
  "17 debug pnpm:_dependency_resolved": {
    "resolution": "registry.npmjs.org/inquirer/7.3.3",
    "wanted": {
      "dependentId": "/@angular/cli/11.2.8",
      "name": "inquirer",
      "rawSpec": "7.3.3"
    }
  },
  "18 debug pnpm:_dependency_resolved": {
    "resolution": "registry.npmjs.org/jsonc-parser/3.0.0",
    "wanted": {
      "dependentId": "/@angular/cli/11.2.8",
      "name": "jsonc-parser",
      "rawSpec": "3.0.0"
    }
  },
  "19 debug pnpm:_dependency_resolved": {
    "resolution": "registry.npmjs.org/ini/2.0.0",
    "wanted": {
      "dependentId": "/@angular/cli/11.2.8",
      "name": "ini",
      "rawSpec": "2.0.0"
    }
  },
  "20 debug pnpm:_dependency_resolved": {
    "resolution": "registry.npmjs.org/npm-pick-manifest/6.1.0",
    "wanted": {
      "dependentId": "/@angular/cli/11.2.8",
      "name": "npm-pick-manifest",
      "rawSpec": "6.1.0"
    }
  },
  "21 debug pnpm:_dependency_resolved": {
    "resolution": "registry.npmjs.org/npm-package-arg/8.1.0",
    "wanted": {
      "dependentId": "/@angular/cli/11.2.8",
      "name": "npm-package-arg",
      "rawSpec": "8.1.0"
    }
  },
  "22 debug pnpm:_dependency_resolved": {
    "resolution": "registry.npmjs.org/ora/5.3.0",
    "wanted": {
      "dependentId": "/@angular/cli/11.2.8",
      "name": "ora",
      "rawSpec": "5.3.0"
    }
  },
  "23 debug pnpm:_dependency_resolved": {
    "resolution": "registry.npmjs.org/open/7.4.0",
    "wanted": {
      "dependentId": "/@angular/cli/11.2.8",
      "name": "open",
      "rawSpec": "7.4.0"
    }
  },
  "24 debug pnpm:_dependency_resolved": {
    "resolution": "registry.npmjs.org/semver/7.3.4",
    "wanted": {
      "dependentId": "/@angular/cli/11.2.8",
      "name": "semver",
      "rawSpec": "7.3.4"
    }
  },
  "25 debug pnpm:_dependency_resolved": {
    "resolution": "registry.npmjs.org/pacote/11.2.4",
    "wanted": {
      "dependentId": "/@angular/cli/11.2.8",
      "name": "pacote",
      "rawSpec": "11.2.4"
    }
  },
  "26 debug pnpm:_dependency_resolved": {
    "resolution": "registry.npmjs.org/resolve/1.19.0",
    "wanted": {
      "dependentId": "/@angular/cli/11.2.8",
      "name": "resolve",
      "rawSpec": "1.19.0"
    }
  },
  "27 debug pnpm:_dependency_resolved": {
    "resolution": "registry.npmjs.org/symbol-observable/3.0.0",
    "wanted": {
      "dependentId": "/@angular/cli/11.2.8",
      "name": "symbol-observable",
      "rawSpec": "3.0.0"
    }
  },
  "28 debug pnpm:_dependency_resolved": {
    "resolution": "registry.npmjs.org/rimraf/3.0.2",
    "wanted": {
      "dependentId": "/@angular/cli/11.2.8",
      "name": "rimraf",
      "rawSpec": "3.0.2"
    }
  },
  "29 debug pnpm:_dependency_resolved": {
    "resolution": "registry.npmjs.org/universal-analytics/0.4.23",
    "wanted": {
      "dependentId": "/@angular/cli/11.2.8",
      "name": "universal-analytics",
      "rawSpec": "0.4.23"
    }
  },
  "30 debug pnpm:_dependency_resolved": {
    "resolution": "registry.npmjs.org/uuid/8.3.2",
    "wanted": {
      "dependentId": "/@angular/cli/11.2.8",
      "name": "uuid",
      "rawSpec": "8.3.2"
    }
  },
  "31 debug pnpm:progress": {
    "packageId": "registry.npmjs.org/@yarnpkg/lockfile/1.1.0",
    "requester": "C:\\Users\\jvillacorta\\AppData\\Roaming\\npm\\pnpm-global\\4",
    "status": "resolved"
  },
  "32 debug pnpm:progress": {
    "packageId": "registry.npmjs.org/@yarnpkg/lockfile/1.1.0",
    "requester": "C:\\Users\\jvillacorta\\AppData\\Roaming\\npm\\pnpm-global\\4",
    "status": "found_in_store"
  },
  "33 debug pnpm:progress": {
    "packageId": "registry.npmjs.org/@angular-devkit/core/11.2.8",
    "requester": "C:\\Users\\jvillacorta\\AppData\\Roaming\\npm\\pnpm-global\\4",
    "status": "resolved"
  },
  "34 debug pnpm:progress": {
    "packageId": "registry.npmjs.org/@angular-devkit/core/11.2.8",
    "requester": "C:\\Users\\jvillacorta\\AppData\\Roaming\\npm\\pnpm-global\\4",
    "status": "found_in_store"
  },
  "35 debug pnpm:progress": {
    "packageId": "registry.npmjs.org/@angular-devkit/architect/0.1102.8",
    "requester": "C:\\Users\\jvillacorta\\AppData\\Roaming\\npm\\pnpm-global\\4",
    "status": "resolved"
  },
  "36 debug pnpm:progress": {
    "packageId": "registry.npmjs.org/@angular-devkit/architect/0.1102.8",
    "requester": "C:\\Users\\jvillacorta\\AppData\\Roaming\\npm\\pnpm-global\\4",
    "status": "found_in_store"
  },
  "37 debug pnpm:progress": {
    "packageId": "registry.npmjs.org/@angular-devkit/schematics/11.2.8",
    "requester": "C:\\Users\\jvillacorta\\AppData\\Roaming\\npm\\pnpm-global\\4",
    "status": "resolved"
  },
  "38 debug pnpm:progress": {
    "packageId": "registry.npmjs.org/@angular-devkit/schematics/11.2.8",
    "requester": "C:\\Users\\jvillacorta\\AppData\\Roaming\\npm\\pnpm-global\\4",
    "status": "found_in_store"
  },
  "39 debug pnpm:progress": {
    "packageId": "registry.npmjs.org/@schematics/update/0.1102.8",
    "requester": "C:\\Users\\jvillacorta\\AppData\\Roaming\\npm\\pnpm-global\\4",
    "status": "resolved"
  },
  "40 debug pnpm:progress": {
    "packageId": "registry.npmjs.org/@schematics/update/0.1102.8",
    "requester": "C:\\Users\\jvillacorta\\AppData\\Roaming\\npm\\pnpm-global\\4",
    "status": "found_in_store"
  },
  "41 debug pnpm:progress": {
    "packageId": "registry.npmjs.org/ansi-colors/4.1.1",
    "requester": "C:\\Users\\jvillacorta\\AppData\\Roaming\\npm\\pnpm-global\\4",
    "status": "resolved"
  },
  "42 debug pnpm:progress": {
    "packageId": "registry.npmjs.org/ansi-colors/4.1.1",
    "requester": "C:\\Users\\jvillacorta\\AppData\\Roaming\\npm\\pnpm-global\\4",
    "status": "found_in_store"
  },
  "43 debug pnpm:progress": {
    "packageId": "registry.npmjs.org/debug/4.3.1",
    "requester": "C:\\Users\\jvillacorta\\AppData\\Roaming\\npm\\pnpm-global\\4",
    "status": "resolved"
  },
  "44 debug pnpm:progress": {
    "packageId": "registry.npmjs.org/debug/4.3.1",
    "requester": "C:\\Users\\jvillacorta\\AppData\\Roaming\\npm\\pnpm-global\\4",
    "status": "found_in_store"
  },
  "45 debug pnpm:progress": {
    "packageId": "registry.npmjs.org/inquirer/7.3.3",
    "requester": "C:\\Users\\jvillacorta\\AppData\\Roaming\\npm\\pnpm-global\\4",
    "status": "resolved"
  },
  "46 debug pnpm:progress": {
    "packageId": "registry.npmjs.org/inquirer/7.3.3",
    "requester": "C:\\Users\\jvillacorta\\AppData\\Roaming\\npm\\pnpm-global\\4",
    "status": "found_in_store"
  },
  "47 debug pnpm:progress": {
    "packageId": "registry.npmjs.org/ini/2.0.0",
    "requester": "C:\\Users\\jvillacorta\\AppData\\Roaming\\npm\\pnpm-global\\4",
    "status": "resolved"
  },
  "48 debug pnpm:progress": {
    "packageId": "registry.npmjs.org/ini/2.0.0",
    "requester": "C:\\Users\\jvillacorta\\AppData\\Roaming\\npm\\pnpm-global\\4",
    "status": "found_in_store"
  },
  "49 debug pnpm:progress": {
    "packageId": "registry.npmjs.org/npm-pick-manifest/6.1.0",
    "requester": "C:\\Users\\jvillacorta\\AppData\\Roaming\\npm\\pnpm-global\\4",
    "status": "resolved"
  },
  "50 debug pnpm:progress": {
    "packageId": "registry.npmjs.org/npm-pick-manifest/6.1.0",
    "requester": "C:\\Users\\jvillacorta\\AppData\\Roaming\\npm\\pnpm-global\\4",
    "status": "found_in_store"
  },
  "51 debug pnpm:progress": {
    "packageId": "registry.npmjs.org/@schematics/angular/11.2.8",
    "requester": "C:\\Users\\jvillacorta\\AppData\\Roaming\\npm\\pnpm-global\\4",
    "status": "resolved"
  },
  "52 debug pnpm:progress": {
    "packageId": "registry.npmjs.org/@schematics/angular/11.2.8",
    "requester": "C:\\Users\\jvillacorta\\AppData\\Roaming\\npm\\pnpm-global\\4",
    "status": "found_in_store"
  },
  "53 debug pnpm:progress": {
    "packageId": "registry.npmjs.org/jsonc-parser/3.0.0",
    "requester": "C:\\Users\\jvillacorta\\AppData\\Roaming\\npm\\pnpm-global\\4",
    "status": "resolved"
  },
  "54 debug pnpm:progress": {
    "packageId": "registry.npmjs.org/jsonc-parser/3.0.0",
    "requester": "C:\\Users\\jvillacorta\\AppData\\Roaming\\npm\\pnpm-global\\4",
    "status": "found_in_store"
  },
  "55 debug pnpm:progress": {
    "packageId": "registry.npmjs.org/ora/5.3.0",
    "requester": "C:\\Users\\jvillacorta\\AppData\\Roaming\\npm\\pnpm-global\\4",
    "status": "resolved"
  },
  "56 debug pnpm:progress": {
    "packageId": "registry.npmjs.org/ora/5.3.0",
    "requester": "C:\\Users\\jvillacorta\\AppData\\Roaming\\npm\\pnpm-global\\4",
    "status": "found_in_store"
  },
  "57 debug pnpm:progress": {
    "packageId": "registry.npmjs.org/open/7.4.0",
    "requester": "C:\\Users\\jvillacorta\\AppData\\Roaming\\npm\\pnpm-global\\4",
    "status": "resolved"
  },
  "58 debug pnpm:progress": {
    "packageId": "registry.npmjs.org/open/7.4.0",
    "requester": "C:\\Users\\jvillacorta\\AppData\\Roaming\\npm\\pnpm-global\\4",
    "status": "found_in_store"
  },
  "59 debug pnpm:progress": {
    "packageId": "registry.npmjs.org/npm-package-arg/8.1.0",
    "requester": "C:\\Users\\jvillacorta\\AppData\\Roaming\\npm\\pnpm-global\\4",
    "status": "resolved"
  },
  "60 debug pnpm:progress": {
    "packageId": "registry.npmjs.org/npm-package-arg/8.1.0",
    "requester": "C:\\Users\\jvillacorta\\AppData\\Roaming\\npm\\pnpm-global\\4",
    "status": "found_in_store"
  },
  "61 debug pnpm:progress": {
    "packageId": "registry.npmjs.org/semver/7.3.4",
    "requester": "C:\\Users\\jvillacorta\\AppData\\Roaming\\npm\\pnpm-global\\4",
    "status": "resolved"
  },
  "62 debug pnpm:progress": {
    "packageId": "registry.npmjs.org/semver/7.3.4",
    "requester": "C:\\Users\\jvillacorta\\AppData\\Roaming\\npm\\pnpm-global\\4",
    "status": "found_in_store"
  },
  "63 debug pnpm:progress": {
    "packageId": "registry.npmjs.org/pacote/11.2.4",
    "requester": "C:\\Users\\jvillacorta\\AppData\\Roaming\\npm\\pnpm-global\\4",
    "status": "resolved"
  },
  "64 debug pnpm:progress": {
    "packageId": "registry.npmjs.org/pacote/11.2.4",
    "requester": "C:\\Users\\jvillacorta\\AppData\\Roaming\\npm\\pnpm-global\\4",
    "status": "found_in_store"
  },
  "65 debug pnpm:progress": {
    "packageId": "registry.npmjs.org/resolve/1.19.0",
    "requester": "C:\\Users\\jvillacorta\\AppData\\Roaming\\npm\\pnpm-global\\4",
    "status": "resolved"
  },
  "66 debug pnpm:progress": {
    "packageId": "registry.npmjs.org/resolve/1.19.0",
    "requester": "C:\\Users\\jvillacorta\\AppData\\Roaming\\npm\\pnpm-global\\4",
    "status": "found_in_store"
  },
  "67 debug pnpm:progress": {
    "packageId": "registry.npmjs.org/rimraf/3.0.2",
    "requester": "C:\\Users\\jvillacorta\\AppData\\Roaming\\npm\\pnpm-global\\4",
    "status": "resolved"
  },
  "68 debug pnpm:progress": {
    "packageId": "registry.npmjs.org/rimraf/3.0.2",
    "requester": "C:\\Users\\jvillacorta\\AppData\\Roaming\\npm\\pnpm-global\\4",
    "status": "found_in_store"
  },
  "69 debug pnpm:progress": {
    "packageId": "registry.npmjs.org/symbol-observable/3.0.0",
    "requester": "C:\\Users\\jvillacorta\\AppData\\Roaming\\npm\\pnpm-global\\4",
    "status": "resolved"
  },
  "70 debug pnpm:progress": {
    "packageId": "registry.npmjs.org/symbol-observable/3.0.0",
    "requester": "C:\\Users\\jvillacorta\\AppData\\Roaming\\npm\\pnpm-global\\4",
    "status": "found_in_store"
  },
  "71 debug pnpm:progress": {
    "packageId": "registry.npmjs.org/uuid/8.3.2",
    "requester": "C:\\Users\\jvillacorta\\AppData\\Roaming\\npm\\pnpm-global\\4",
    "status": "resolved"
  },
  "72 debug pnpm:progress": {
    "packageId": "registry.npmjs.org/uuid/8.3.2",
    "requester": "C:\\Users\\jvillacorta\\AppData\\Roaming\\npm\\pnpm-global\\4",
    "status": "found_in_store"
  },
  "73 debug pnpm:progress": {
    "packageId": "registry.npmjs.org/universal-analytics/0.4.23",
    "requester": "C:\\Users\\jvillacorta\\AppData\\Roaming\\npm\\pnpm-global\\4",
    "status": "resolved"
  },
  "74 debug pnpm:progress": {
    "packageId": "registry.npmjs.org/universal-analytics/0.4.23",
    "requester": "C:\\Users\\jvillacorta\\AppData\\Roaming\\npm\\pnpm-global\\4",
    "status": "found_in_store"
  },
  "75 debug pnpm:_dependency_resolved": {
    "resolution": "registry.npmjs.org/ms/2.1.2",
    "wanted": {
      "dependentId": "/debug/4.3.1",
      "name": "ms",
      "rawSpec": "2.1.2"
    }
  },
  "76 debug pnpm:_dependency_resolved": {
    "resolution": "registry.npmjs.org/debug/4.3.1",
    "wanted": {
      "dependentId": "/universal-analytics/0.4.23",
      "name": "debug",
      "rawSpec": "^4.1.1"
    }
  },
  "77 debug pnpm:_dependency_resolved": {
    "resolution": "registry.npmjs.org/uuid/3.4.0",
    "wanted": {
      "dependentId": "/universal-analytics/0.4.23",
      "name": "uuid",
      "rawSpec": "^3.0.0"
    }
  },
  "78 debug pnpm:_dependency_resolved": {
    "resolution": "registry.npmjs.org/request/2.88.2",
    "wanted": {
      "dependentId": "/universal-analytics/0.4.23",
      "name": "request",
      "rawSpec": "^2.88.2"
    }
  },
  "79 debug pnpm:deprecation": {
    "deprecated": "request has been deprecated, see https://github.com/request/request/issues/3142",
    "depth": 2,
    "pkgId": "registry.npmjs.org/request/2.88.2",
    "pkgName": "request",
    "pkgVersion": "2.88.2",
    "prefix": "C:\\Users\\jvillacorta\\AppData\\Roaming\\npm\\pnpm-global\\4"
  },
  "80 debug pnpm:progress": {
    "packageId": "registry.npmjs.org/request/2.88.2",
    "requester": "C:\\Users\\jvillacorta\\AppData\\Roaming\\npm\\pnpm-global\\4",
    "status": "resolved"
  },
  "81 debug pnpm:progress": {
    "packageId": "registry.npmjs.org/request/2.88.2",
    "requester": "C:\\Users\\jvillacorta\\AppData\\Roaming\\npm\\pnpm-global\\4",
    "status": "found_in_store"
  },
  "82 debug pnpm:progress": {
    "packageId": "registry.npmjs.org/ms/2.1.2",
    "requester": "C:\\Users\\jvillacorta\\AppData\\Roaming\\npm\\pnpm-global\\4",
    "status": "resolved"
  },
  "83 debug pnpm:progress": {
    "packageId": "registry.npmjs.org/ms/2.1.2",
    "requester": "C:\\Users\\jvillacorta\\AppData\\Roaming\\npm\\pnpm-global\\4",
    "status": "found_in_store"
  },
  "84 debug pnpm:progress": {
    "packageId": "registry.npmjs.org/uuid/3.4.0",
    "requester": "C:\\Users\\jvillacorta\\AppData\\Roaming\\npm\\pnpm-global\\4",
    "status": "resolved"
  },
  "85 debug pnpm:progress": {
    "packageId": "registry.npmjs.org/uuid/3.4.0",
    "requester": "C:\\Users\\jvillacorta\\AppData\\Roaming\\npm\\pnpm-global\\4",
    "status": "found_in_store"
  },
  "86 debug pnpm:package-manifest": {
    "prefix": "C:\\Users\\jvillacorta\\AppData\\Roaming\\npm\\pnpm-global\\4",
    "updated": {
      "dependencies": {
        "@angular/cli": "^11.2.8",
        "pnpm": "^6.2.3"
      }
    }
  },
  "87 debug pnpm:stage": {
    "prefix": "C:\\Users\\jvillacorta\\AppData\\Roaming\\npm\\pnpm-global\\4",
    "stage": "resolution_done"
  },
  "88 debug pnpm:stats": {
    "prefix": "C:\\Users\\jvillacorta\\AppData\\Roaming\\npm\\pnpm-global\\4",
    "removed": 0
  },
  "89 debug pnpm:stage": {
    "prefix": "C:\\Users\\jvillacorta\\AppData\\Roaming\\npm\\pnpm-global\\4",
    "stage": "importing_started"
  },
  "90 debug pnpm:stats": {
    "added": 1,
    "prefix": "C:\\Users\\jvillacorta\\AppData\\Roaming\\npm\\pnpm-global\\4"
  },
  "91 debug pnpm:fetching-progress": {
    "attempt": 1,
    "packageId": "registry.npmjs.org/pnpm/6.2.3",
    "size": 2180488,
    "status": "started"
  },
  "92 debug pnpm:progress": {
    "packageId": "registry.npmjs.org/pnpm/6.2.3",
    "requester": "C:\\Users\\jvillacorta\\AppData\\Roaming\\npm\\pnpm-global\\4",
    "status": "fetched"
  },
  "93 debug pnpm:package-import-method": {
    "method": "hardlink"
  },
  "94 debug pnpm:progress": {
    "method": "hardlink",
    "requester": "C:\\Users\\jvillacorta\\AppData\\Roaming\\npm\\pnpm-global\\4",
    "status": "imported",
    "to": "C:\\Users\\jvillacorta\\AppData\\Roaming\\npm\\pnpm-global\\4\\node_modules\\.pnpm\\pnpm@6.2.3\\node_modules\\pnpm"
  },
  "95 debug pnpm:stage": {
    "prefix": "C:\\Users\\jvillacorta\\AppData\\Roaming\\npm\\pnpm-global\\4",
    "stage": "importing_done"
  },
  "96 debug pnpm:link": {
    "target": "C:\\Users\\jvillacorta\\AppData\\Roaming\\npm\\pnpm-global\\4\\node_modules\\.pnpm\\pnpm@6.2.3\\node_modules\\pnpm",
    "link": "C:\\Users\\jvillacorta\\AppData\\Roaming\\npm\\pnpm-global\\4\\node_modules\\pnpm"
  },
  "97 debug pnpm:link": {
    "target": "C:\\Users\\jvillacorta\\AppData\\Roaming\\npm\\pnpm-global\\4\\node_modules\\.pnpm\\@angular\\cli@11.2.8\\node_modules\\@angular\\cli",
    "link": "C:\\Users\\jvillacorta\\AppData\\Roaming\\npm\\pnpm-global\\4\\node_modules\\@angular\\cli"
  },
  "98 debug pnpm:root": {
    "added": {
      "dependencyType": "prod",
      "id": "registry.npmjs.org/pnpm/6.2.3",
      "name": "pnpm",
      "realName": "pnpm",
      "version": "6.2.3"
    },
    "prefix": "C:\\Users\\jvillacorta\\AppData\\Roaming\\npm\\pnpm-global\\4"
  },
  "99 debug pnpm:link": {
    "target": "C:\\Users\\jvillacorta\\AppData\\Roaming\\npm\\pnpm-global\\4\\node_modules\\.pnpm\\@angular-devkit\\architect@0.1102.8\\node_modules\\@angular-devkit\\architect",
    "link": "C:\\Users\\jvillacorta\\AppData\\Roaming\\npm\\pnpm-global\\4\\node_modules\\.pnpm\\node_modules\\@angular-devkit\\architect"
  },
  "100 debug pnpm:link": {
    "target": "C:\\Users\\jvillacorta\\AppData\\Roaming\\npm\\pnpm-global\\4\\node_modules\\.pnpm\\@angular-devkit\\core@11.2.8\\node_modules\\@angular-devkit\\core",
    "link": "C:\\Users\\jvillacorta\\AppData\\Roaming\\npm\\pnpm-global\\4\\node_modules\\.pnpm\\node_modules\\@angular-devkit\\core"
  },
  "101 debug pnpm:link": {
    "target": "C:\\Users\\jvillacorta\\AppData\\Roaming\\npm\\pnpm-global\\4\\node_modules\\.pnpm\\@angular-devkit\\schematics@11.2.8\\node_modules\\@angular-devkit\\schematics",
    "link": "C:\\Users\\jvillacorta\\AppData\\Roaming\\npm\\pnpm-global\\4\\node_modules\\.pnpm\\node_modules\\@angular-devkit\\schematics"
  },
  "102 debug pnpm:link": {
    "target": "C:\\Users\\jvillacorta\\AppData\\Roaming\\npm\\pnpm-global\\4\\node_modules\\.pnpm\\@schematics\\angular@11.2.8\\node_modules\\@schematics\\angular",
    "link": "C:\\Users\\jvillacorta\\AppData\\Roaming\\npm\\pnpm-global\\4\\node_modules\\.pnpm\\node_modules\\@schematics\\angular"
  },
  "103 debug pnpm:link": {
    "target": "C:\\Users\\jvillacorta\\AppData\\Roaming\\npm\\pnpm-global\\4\\node_modules\\.pnpm\\@schematics\\update@0.1102.8\\node_modules\\@schematics\\update",
    "link": "C:\\Users\\jvillacorta\\AppData\\Roaming\\npm\\pnpm-global\\4\\node_modules\\.pnpm\\node_modules\\@schematics\\update"
  },
  "104 debug pnpm:link": {
    "target": "C:\\Users\\jvillacorta\\AppData\\Roaming\\npm\\pnpm-global\\4\\node_modules\\.pnpm\\@yarnpkg\\lockfile@1.1.0\\node_modules\\@yarnpkg\\lockfile",
    "link": "C:\\Users\\jvillacorta\\AppData\\Roaming\\npm\\pnpm-global\\4\\node_modules\\.pnpm\\node_modules\\@yarnpkg\\lockfile"
  },
  "105 debug pnpm:link": {
    "target": "C:\\Users\\jvillacorta\\AppData\\Roaming\\npm\\pnpm-global\\4\\node_modules\\.pnpm\\ansi-colors@4.1.1\\node_modules\\ansi-colors",
    "link": "C:\\Users\\jvillacorta\\AppData\\Roaming\\npm\\pnpm-global\\4\\node_modules\\.pnpm\\node_modules\\ansi-colors"
  },
  "106 debug pnpm:link": {
    "target": "C:\\Users\\jvillacorta\\AppData\\Roaming\\npm\\pnpm-global\\4\\node_modules\\.pnpm\\debug@4.3.1\\node_modules\\debug",
    "link": "C:\\Users\\jvillacorta\\AppData\\Roaming\\npm\\pnpm-global\\4\\node_modules\\.pnpm\\node_modules\\debug"
  },
  "107 debug pnpm:link": {
    "target": "C:\\Users\\jvillacorta\\AppData\\Roaming\\npm\\pnpm-global\\4\\node_modules\\.pnpm\\ini@2.0.0\\node_modules\\ini",
    "link": "C:\\Users\\jvillacorta\\AppData\\Roaming\\npm\\pnpm-global\\4\\node_modules\\.pnpm\\node_modules\\ini"
  },
  "108 debug pnpm:link": {
    "target": "C:\\Users\\jvillacorta\\AppData\\Roaming\\npm\\pnpm-global\\4\\node_modules\\.pnpm\\inquirer@7.3.3\\node_modules\\inquirer",
    "link": "C:\\Users\\jvillacorta\\AppData\\Roaming\\npm\\pnpm-global\\4\\node_modules\\.pnpm\\node_modules\\inquirer"
  },
  "109 debug pnpm:link": {
    "target": "C:\\Users\\jvillacorta\\AppData\\Roaming\\npm\\pnpm-global\\4\\node_modules\\.pnpm\\jsonc-parser@3.0.0\\node_modules\\jsonc-parser",
    "link": "C:\\Users\\jvillacorta\\AppData\\Roaming\\npm\\pnpm-global\\4\\node_modules\\.pnpm\\node_modules\\jsonc-parser"
  },
  "110 debug pnpm:link": {
    "target": "C:\\Users\\jvillacorta\\AppData\\Roaming\\npm\\pnpm-global\\4\\node_modules\\.pnpm\\npm-package-arg@8.1.0\\node_modules\\npm-package-arg",
    "link": "C:\\Users\\jvillacorta\\AppData\\Roaming\\npm\\pnpm-global\\4\\node_modules\\.pnpm\\node_modules\\npm-package-arg"
  },
  "111 debug pnpm:link": {
    "target": "C:\\Users\\jvillacorta\\AppData\\Roaming\\npm\\pnpm-global\\4\\node_modules\\.pnpm\\npm-pick-manifest@6.1.0\\node_modules\\npm-pick-manifest",
    "link": "C:\\Users\\jvillacorta\\AppData\\Roaming\\npm\\pnpm-global\\4\\node_modules\\.pnpm\\node_modules\\npm-pick-manifest"
  },
  "112 debug pnpm:link": {
    "target": "C:\\Users\\jvillacorta\\AppData\\Roaming\\npm\\pnpm-global\\4\\node_modules\\.pnpm\\open@7.4.0\\node_modules\\open",
    "link": "C:\\Users\\jvillacorta\\AppData\\Roaming\\npm\\pnpm-global\\4\\node_modules\\.pnpm\\node_modules\\open"
  },
  "113 debug pnpm:link": {
    "target": "C:\\Users\\jvillacorta\\AppData\\Roaming\\npm\\pnpm-global\\4\\node_modules\\.pnpm\\ora@5.3.0\\node_modules\\ora",
    "link": "C:\\Users\\jvillacorta\\AppData\\Roaming\\npm\\pnpm-global\\4\\node_modules\\.pnpm\\node_modules\\ora"
  },
  "114 debug pnpm:link": {
    "target": "C:\\Users\\jvillacorta\\AppData\\Roaming\\npm\\pnpm-global\\4\\node_modules\\.pnpm\\pacote@11.2.4\\node_modules\\pacote",
    "link": "C:\\Users\\jvillacorta\\AppData\\Roaming\\npm\\pnpm-global\\4\\node_modules\\.pnpm\\node_modules\\pacote"
  },
  "115 debug pnpm:link": {
    "target": "C:\\Users\\jvillacorta\\AppData\\Roaming\\npm\\pnpm-global\\4\\node_modules\\.pnpm\\resolve@1.19.0\\node_modules\\resolve",
    "link": "C:\\Users\\jvillacorta\\AppData\\Roaming\\npm\\pnpm-global\\4\\node_modules\\.pnpm\\node_modules\\resolve"
  },
  "116 debug pnpm:link": {
    "target": "C:\\Users\\jvillacorta\\AppData\\Roaming\\npm\\pnpm-global\\4\\node_modules\\.pnpm\\rimraf@3.0.2\\node_modules\\rimraf",
    "link": "C:\\Users\\jvillacorta\\AppData\\Roaming\\npm\\pnpm-global\\4\\node_modules\\.pnpm\\node_modules\\rimraf"
  },
  "117 debug pnpm:link": {
    "target": "C:\\Users\\jvillacorta\\AppData\\Roaming\\npm\\pnpm-global\\4\\node_modules\\.pnpm\\semver@7.3.4\\node_modules\\semver",
    "link": "C:\\Users\\jvillacorta\\AppData\\Roaming\\npm\\pnpm-global\\4\\node_modules\\.pnpm\\node_modules\\semver"
  },
  "118 debug pnpm:link": {
    "target": "C:\\Users\\jvillacorta\\AppData\\Roaming\\npm\\pnpm-global\\4\\node_modules\\.pnpm\\symbol-observable@3.0.0\\node_modules\\symbol-observable",
    "link": "C:\\Users\\jvillacorta\\AppData\\Roaming\\npm\\pnpm-global\\4\\node_modules\\.pnpm\\node_modules\\symbol-observable"
  },
  "119 debug pnpm:link": {
    "target": "C:\\Users\\jvillacorta\\AppData\\Roaming\\npm\\pnpm-global\\4\\node_modules\\.pnpm\\universal-analytics@0.4.23\\node_modules\\universal-analytics",
    "link": "C:\\Users\\jvillacorta\\AppData\\Roaming\\npm\\pnpm-global\\4\\node_modules\\.pnpm\\node_modules\\universal-analytics"
  },
  "120 debug pnpm:link": {
    "target": "C:\\Users\\jvillacorta\\AppData\\Roaming\\npm\\pnpm-global\\4\\node_modules\\.pnpm\\uuid@8.3.2\\node_modules\\uuid",
    "link": "C:\\Users\\jvillacorta\\AppData\\Roaming\\npm\\pnpm-global\\4\\node_modules\\.pnpm\\node_modules\\uuid"
  },
  "121 debug pnpm:link": {
    "target": "C:\\Users\\jvillacorta\\AppData\\Roaming\\npm\\pnpm-global\\4\\node_modules\\.pnpm\\rxjs@6.6.3\\node_modules\\rxjs",
    "link": "C:\\Users\\jvillacorta\\AppData\\Roaming\\npm\\pnpm-global\\4\\node_modules\\.pnpm\\node_modules\\rxjs"
  },
  "122 debug pnpm:link": {
    "target": "C:\\Users\\jvillacorta\\AppData\\Roaming\\npm\\pnpm-global\\4\\node_modules\\.pnpm\\ajv@6.12.6\\node_modules\\ajv",
    "link": "C:\\Users\\jvillacorta\\AppData\\Roaming\\npm\\pnpm-global\\4\\node_modules\\.pnpm\\node_modules\\ajv"
  },
  "123 debug pnpm:link": {
    "target": "C:\\Users\\jvillacorta\\AppData\\Roaming\\npm\\pnpm-global\\4\\node_modules\\.pnpm\\fast-json-stable-stringify@2.1.0\\node_modules\\fast-json-stable-stringify",
    "link": "C:\\Users\\jvillacorta\\AppData\\Roaming\\npm\\pnpm-global\\4\\node_modules\\.pnpm\\node_modules\\fast-json-stable-stringify"
  },
  "124 debug pnpm:link": {
    "target": "C:\\Users\\jvillacorta\\AppData\\Roaming\\npm\\pnpm-global\\4\\node_modules\\.pnpm\\magic-string@0.25.7\\node_modules\\magic-string",
    "link": "C:\\Users\\jvillacorta\\AppData\\Roaming\\npm\\pnpm-global\\4\\node_modules\\.pnpm\\node_modules\\magic-string"
  },
  "125 debug pnpm:link": {
    "target": "C:\\Users\\jvillacorta\\AppData\\Roaming\\npm\\pnpm-global\\4\\node_modules\\.pnpm\\source-map@0.7.3\\node_modules\\source-map",
    "link": "C:\\Users\\jvillacorta\\AppData\\Roaming\\npm\\pnpm-global\\4\\node_modules\\.pnpm\\node_modules\\source-map"
  },
  "126 debug pnpm:link": {
    "target": "C:\\Users\\jvillacorta\\AppData\\Roaming\\npm\\pnpm-global\\4\\node_modules\\.pnpm\\semver-intersect@1.4.0\\node_modules\\semver-intersect",
    "link": "C:\\Users\\jvillacorta\\AppData\\Roaming\\npm\\pnpm-global\\4\\node_modules\\.pnpm\\node_modules\\semver-intersect"
  },
  "127 debug pnpm:link": {
    "target": "C:\\Users\\jvillacorta\\AppData\\Roaming\\npm\\pnpm-global\\4\\node_modules\\.pnpm\\ms@2.1.2\\node_modules\\ms",
    "link": "C:\\Users\\jvillacorta\\AppData\\Roaming\\npm\\pnpm-global\\4\\node_modules\\.pnpm\\node_modules\\ms"
  },
  "128 debug pnpm:link": {
    "target": "C:\\Users\\jvillacorta\\AppData\\Roaming\\npm\\pnpm-global\\4\\node_modules\\.pnpm\\ansi-escapes@4.3.2\\node_modules\\ansi-escapes",
    "link": "C:\\Users\\jvillacorta\\AppData\\Roaming\\npm\\pnpm-global\\4\\node_modules\\.pnpm\\node_modules\\ansi-escapes"
  },
  "129 debug pnpm:link": {
    "target": "C:\\Users\\jvillacorta\\AppData\\Roaming\\npm\\pnpm-global\\4\\node_modules\\.pnpm\\chalk@4.1.0\\node_modules\\chalk",
    "link": "C:\\Users\\jvillacorta\\AppData\\Roaming\\npm\\pnpm-global\\4\\node_modules\\.pnpm\\node_modules\\chalk"
  },
  "130 debug pnpm:link": {
    "target": "C:\\Users\\jvillacorta\\AppData\\Roaming\\npm\\pnpm-global\\4\\node_modules\\.pnpm\\cli-cursor@3.1.0\\node_modules\\cli-cursor",
    "link": "C:\\Users\\jvillacorta\\AppData\\Roaming\\npm\\pnpm-global\\4\\node_modules\\.pnpm\\node_modules\\cli-cursor"
  },
  "131 debug pnpm:link": {
    "target": "C:\\Users\\jvillacorta\\AppData\\Roaming\\npm\\pnpm-global\\4\\node_modules\\.pnpm\\cli-width@3.0.0\\node_modules\\cli-width",
    "link": "C:\\Users\\jvillacorta\\AppData\\Roaming\\npm\\pnpm-global\\4\\node_modules\\.pnpm\\node_modules\\cli-width"
  },
  "132 debug pnpm:link": {
    "target": "C:\\Users\\jvillacorta\\AppData\\Roaming\\npm\\pnpm-global\\4\\node_modules\\.pnpm\\external-editor@3.1.0\\node_modules\\external-editor",
    "link": "C:\\Users\\jvillacorta\\AppData\\Roaming\\npm\\pnpm-global\\4\\node_modules\\.pnpm\\node_modules\\external-editor"
  },
  "133 debug pnpm:link": {
    "target": "C:\\Users\\jvillacorta\\AppData\\Roaming\\npm\\pnpm-global\\4\\node_modules\\.pnpm\\figures@3.2.0\\node_modules\\figures",
    "link": "C:\\Users\\jvillacorta\\AppData\\Roaming\\npm\\pnpm-global\\4\\node_modules\\.pnpm\\node_modules\\figures"
  },
  "134 debug pnpm:link": {
    "target": "C:\\Users\\jvillacorta\\AppData\\Roaming\\npm\\pnpm-global\\4\\node_modules\\.pnpm\\lodash@4.17.21\\node_modules\\lodash",
    "link": "C:\\Users\\jvillacorta\\AppData\\Roaming\\npm\\pnpm-global\\4\\node_modules\\.pnpm\\node_modules\\lodash"
  },
  "135 debug pnpm:link": {
    "target": "C:\\Users\\jvillacorta\\AppData\\Roaming\\npm\\pnpm-global\\4\\node_modules\\.pnpm\\mute-stream@0.0.8\\node_modules\\mute-stream",
    "link": "C:\\Users\\jvillacorta\\AppData\\Roaming\\npm\\pnpm-global\\4\\node_modules\\.pnpm\\node_modules\\mute-stream"
  },
  "136 debug pnpm:link": {
    "target": "C:\\Users\\jvillacorta\\AppData\\Roaming\\npm\\pnpm-global\\4\\node_modules\\.pnpm\\run-async@2.4.1\\node_modules\\run-async",
    "link": "C:\\Users\\jvillacorta\\AppData\\Roaming\\npm\\pnpm-global\\4\\node_modules\\.pnpm\\node_modules\\run-async"
  },
  "137 debug pnpm:link": {
    "target": "C:\\Users\\jvillacorta\\AppData\\Roaming\\npm\\pnpm-global\\4\\node_modules\\.pnpm\\string-width@4.2.2\\node_modules\\string-width",
    "link": "C:\\Users\\jvillacorta\\AppData\\Roaming\\npm\\pnpm-global\\4\\node_modules\\.pnpm\\node_modules\\string-width"
  },
  "138 debug pnpm:link": {
    "target": "C:\\Users\\jvillacorta\\AppData\\Roaming\\npm\\pnpm-global\\4\\node_modules\\.pnpm\\strip-ansi@6.0.0\\node_modules\\strip-ansi",
    "link": "C:\\Users\\jvillacorta\\AppData\\Roaming\\npm\\pnpm-global\\4\\node_modules\\.pnpm\\node_modules\\strip-ansi"
  },
  "139 debug pnpm:link": {
    "target": "C:\\Users\\jvillacorta\\AppData\\Roaming\\npm\\pnpm-global\\4\\node_modules\\.pnpm\\through@2.3.8\\node_modules\\through",
    "link": "C:\\Users\\jvillacorta\\AppData\\Roaming\\npm\\pnpm-global\\4\\node_modules\\.pnpm\\node_modules\\through"
  },
  "140 debug pnpm:link": {
    "target": "C:\\Users\\jvillacorta\\AppData\\Roaming\\npm\\pnpm-global\\4\\node_modules\\.pnpm\\hosted-git-info@3.0.8\\node_modules\\hosted-git-info",
    "link": "C:\\Users\\jvillacorta\\AppData\\Roaming\\npm\\pnpm-global\\4\\node_modules\\.pnpm\\node_modules\\hosted-git-info"
  },
  "141 debug pnpm:link": {
    "target": "C:\\Users\\jvillacorta\\AppData\\Roaming\\npm\\pnpm-global\\4\\node_modules\\.pnpm\\validate-npm-package-name@3.0.0\\node_modules\\validate-npm-package-name",
    "link": "C:\\Users\\jvillacorta\\AppData\\Roaming\\npm\\pnpm-global\\4\\node_modules\\.pnpm\\node_modules\\validate-npm-package-name"
  },
  "142 debug pnpm:link": {
    "target": "C:\\Users\\jvillacorta\\AppData\\Roaming\\npm\\pnpm-global\\4\\node_modules\\.pnpm\\npm-install-checks@4.0.0\\node_modules\\npm-install-checks",
    "link": "C:\\Users\\jvillacorta\\AppData\\Roaming\\npm\\pnpm-global\\4\\node_modules\\.pnpm\\node_modules\\npm-install-checks"
  },
  "143 debug pnpm:link": {
    "target": "C:\\Users\\jvillacorta\\AppData\\Roaming\\npm\\pnpm-global\\4\\node_modules\\.pnpm\\is-docker@2.2.0\\node_modules\\is-docker",
    "link": "C:\\Users\\jvillacorta\\AppData\\Roaming\\npm\\pnpm-global\\4\\node_modules\\.pnpm\\node_modules\\is-docker"
  },
  "144 debug pnpm:link": {
    "target": "C:\\Users\\jvillacorta\\AppData\\Roaming\\npm\\pnpm-global\\4\\node_modules\\.pnpm\\is-wsl@2.2.0\\node_modules\\is-wsl",
    "link": "C:\\Users\\jvillacorta\\AppData\\Roaming\\npm\\pnpm-global\\4\\node_modules\\.pnpm\\node_modules\\is-wsl"
  },
  "145 debug pnpm:link": {
    "target": "C:\\Users\\jvillacorta\\AppData\\Roaming\\npm\\pnpm-global\\4\\node_modules\\.pnpm\\bl@4.1.0\\node_modules\\bl",
    "link": "C:\\Users\\jvillacorta\\AppData\\Roaming\\npm\\pnpm-global\\4\\node_modules\\.pnpm\\node_modules\\bl"
  },
  "146 debug pnpm:link": {
    "target": "C:\\Users\\jvillacorta\\AppData\\Roaming\\npm\\pnpm-global\\4\\node_modules\\.pnpm\\cli-spinners@2.6.0\\node_modules\\cli-spinners",
    "link": "C:\\Users\\jvillacorta\\AppData\\Roaming\\npm\\pnpm-global\\4\\node_modules\\.pnpm\\node_modules\\cli-spinners"
  },
  "147 debug pnpm:link": {
    "target": "C:\\Users\\jvillacorta\\AppData\\Roaming\\npm\\pnpm-global\\4\\node_modules\\.pnpm\\is-interactive@1.0.0\\node_modules\\is-interactive",
    "link": "C:\\Users\\jvillacorta\\AppData\\Roaming\\npm\\pnpm-global\\4\\node_modules\\.pnpm\\node_modules\\is-interactive"
  },
  "148 debug pnpm:link": {
    "target": "C:\\Users\\jvillacorta\\AppData\\Roaming\\npm\\pnpm-global\\4\\node_modules\\.pnpm\\log-symbols@4.1.0\\node_modules\\log-symbols",
    "link": "C:\\Users\\jvillacorta\\AppData\\Roaming\\npm\\pnpm-global\\4\\node_modules\\.pnpm\\node_modules\\log-symbols"
  },
  "149 debug pnpm:link": {
    "target": "C:\\Users\\jvillacorta\\AppData\\Roaming\\npm\\pnpm-global\\4\\node_modules\\.pnpm\\wcwidth@1.0.1\\node_modules\\wcwidth",
    "link": "C:\\Users\\jvillacorta\\AppData\\Roaming\\npm\\pnpm-global\\4\\node_modules\\.pnpm\\node_modules\\wcwidth"
  },
  "150 debug pnpm:link": {
    "target": "C:\\Users\\jvillacorta\\AppData\\Roaming\\npm\\pnpm-global\\4\\node_modules\\.pnpm\\@npmcli\\git@2.0.6\\node_modules\\@npmcli\\git",
    "link": "C:\\Users\\jvillacorta\\AppData\\Roaming\\npm\\pnpm-global\\4\\node_modules\\.pnpm\\node_modules\\@npmcli\\git"
  },
  "151 debug pnpm:link": {
    "target": "C:\\Users\\jvillacorta\\AppData\\Roaming\\npm\\pnpm-global\\4\\node_modules\\.pnpm\\@npmcli\\installed-package-contents@1.0.7\\node_modules\\@npmcli\\installed-package-contents",
    "link": "C:\\Users\\jvillacorta\\AppData\\Roaming\\npm\\pnpm-global\\4\\node_modules\\.pnpm\\node_modules\\@npmcli\\installed-package-contents"
  },
  "152 debug pnpm:link": {
    "target": "C:\\Users\\jvillacorta\\AppData\\Roaming\\npm\\pnpm-global\\4\\node_modules\\.pnpm\\@npmcli\\promise-spawn@1.3.2\\node_modules\\@npmcli\\promise-spawn",
    "link": "C:\\Users\\jvillacorta\\AppData\\Roaming\\npm\\pnpm-global\\4\\node_modules\\.pnpm\\node_modules\\@npmcli\\promise-spawn"
  },
  "153 debug pnpm:link": {
    "target": "C:\\Users\\jvillacorta\\AppData\\Roaming\\npm\\pnpm-global\\4\\node_modules\\.pnpm\\@npmcli\\run-script@1.8.4\\node_modules\\@npmcli\\run-script",
    "link": "C:\\Users\\jvillacorta\\AppData\\Roaming\\npm\\pnpm-global\\4\\node_modules\\.pnpm\\node_modules\\@npmcli\\run-script"
  },
  "154 debug pnpm:link": {
    "target": "C:\\Users\\jvillacorta\\AppData\\Roaming\\npm\\pnpm-global\\4\\node_modules\\.pnpm\\cacache@15.0.6\\node_modules\\cacache",
    "link": "C:\\Users\\jvillacorta\\AppData\\Roaming\\npm\\pnpm-global\\4\\node_modules\\.pnpm\\node_modules\\cacache"
  },
  "155 debug pnpm:link": {
    "target": "C:\\Users\\jvillacorta\\AppData\\Roaming\\npm\\pnpm-global\\4\\node_modules\\.pnpm\\chownr@2.0.0\\node_modules\\chownr",
    "link": "C:\\Users\\jvillacorta\\AppData\\Roaming\\npm\\pnpm-global\\4\\node_modules\\.pnpm\\node_modules\\chownr"
  },
  "156 debug pnpm:link": {
    "target": "C:\\Users\\jvillacorta\\AppData\\Roaming\\npm\\pnpm-global\\4\\node_modules\\.pnpm\\fs-minipass@2.1.0\\node_modules\\fs-minipass",
    "link": "C:\\Users\\jvillacorta\\AppData\\Roaming\\npm\\pnpm-global\\4\\node_modules\\.pnpm\\node_modules\\fs-minipass"
  },
  "157 debug pnpm:link": {
    "target": "C:\\Users\\jvillacorta\\AppData\\Roaming\\npm\\pnpm-global\\4\\node_modules\\.pnpm\\infer-owner@1.0.4\\node_modules\\infer-owner",
    "link": "C:\\Users\\jvillacorta\\AppData\\Roaming\\npm\\pnpm-global\\4\\node_modules\\.pnpm\\node_modules\\infer-owner"
  },
  "158 debug pnpm:link": {
    "target": "C:\\Users\\jvillacorta\\AppData\\Roaming\\npm\\pnpm-global\\4\\node_modules\\.pnpm\\minipass@3.1.3\\node_modules\\minipass",
    "link": "C:\\Users\\jvillacorta\\AppData\\Roaming\\npm\\pnpm-global\\4\\node_modules\\.pnpm\\node_modules\\minipass"
  },
  "159 debug pnpm:link": {
    "target": "C:\\Users\\jvillacorta\\AppData\\Roaming\\npm\\pnpm-global\\4\\node_modules\\.pnpm\\mkdirp@1.0.4\\node_modules\\mkdirp",
    "link": "C:\\Users\\jvillacorta\\AppData\\Roaming\\npm\\pnpm-global\\4\\node_modules\\.pnpm\\node_modules\\mkdirp"
  },
  "160 debug pnpm:link": {
    "target": "C:\\Users\\jvillacorta\\AppData\\Roaming\\npm\\pnpm-global\\4\\node_modules\\.pnpm\\npm-packlist@2.1.5\\node_modules\\npm-packlist",
    "link": "C:\\Users\\jvillacorta\\AppData\\Roaming\\npm\\pnpm-global\\4\\node_modules\\.pnpm\\node_modules\\npm-packlist"
  },
  "161 debug pnpm:link": {
    "target": "C:\\Users\\jvillacorta\\AppData\\Roaming\\npm\\pnpm-global\\4\\node_modules\\.pnpm\\npm-registry-fetch@9.0.0\\node_modules\\npm-registry-fetch",
    "link": "C:\\Users\\jvillacorta\\AppData\\Roaming\\npm\\pnpm-global\\4\\node_modules\\.pnpm\\node_modules\\npm-registry-fetch"
  },
  "162 debug pnpm:link": {
    "target": "C:\\Users\\jvillacorta\\AppData\\Roaming\\npm\\pnpm-global\\4\\node_modules\\.pnpm\\promise-retry@1.1.1\\node_modules\\promise-retry",
    "link": "C:\\Users\\jvillacorta\\AppData\\Roaming\\npm\\pnpm-global\\4\\node_modules\\.pnpm\\node_modules\\promise-retry"
  },
  "163 debug pnpm:link": {
    "target": "C:\\Users\\jvillacorta\\AppData\\Roaming\\npm\\pnpm-global\\4\\node_modules\\.pnpm\\read-package-json-fast@1.2.2\\node_modules\\read-package-json-fast",
    "link": "C:\\Users\\jvillacorta\\AppData\\Roaming\\npm\\pnpm-global\\4\\node_modules\\.pnpm\\node_modules\\read-package-json-fast"
  },
  "164 debug pnpm:link": {
    "target": "C:\\Users\\jvillacorta\\AppData\\Roaming\\npm\\pnpm-global\\4\\node_modules\\.pnpm\\ssri@8.0.1\\node_modules\\ssri",
    "link": "C:\\Users\\jvillacorta\\AppData\\Roaming\\npm\\pnpm-global\\4\\node_modules\\.pnpm\\node_modules\\ssri"
  },
  "165 debug pnpm:link": {
    "target": "C:\\Users\\jvillacorta\\AppData\\Roaming\\npm\\pnpm-global\\4\\node_modules\\.pnpm\\tar@6.1.0\\node_modules\\tar",
    "link": "C:\\Users\\jvillacorta\\AppData\\Roaming\\npm\\pnpm-global\\4\\node_modules\\.pnpm\\node_modules\\tar"
  },
  "166 debug pnpm:link": {
    "target": "C:\\Users\\jvillacorta\\AppData\\Roaming\\npm\\pnpm-global\\4\\node_modules\\.pnpm\\is-core-module@2.2.0\\node_modules\\is-core-module",
    "link": "C:\\Users\\jvillacorta\\AppData\\Roaming\\npm\\pnpm-global\\4\\node_modules\\.pnpm\\node_modules\\is-core-module"
  },
  "167 debug pnpm:link": {
    "target": "C:\\Users\\jvillacorta\\AppData\\Roaming\\npm\\pnpm-global\\4\\node_modules\\.pnpm\\path-parse@1.0.6\\node_modules\\path-parse",
    "link": "C:\\Users\\jvillacorta\\AppData\\Roaming\\npm\\pnpm-global\\4\\node_modules\\.pnpm\\node_modules\\path-parse"
  },
  "168 debug pnpm:link": {
    "target": "C:\\Users\\jvillacorta\\AppData\\Roaming\\npm\\pnpm-global\\4\\node_modules\\.pnpm\\glob@7.1.6\\node_modules\\glob",
    "link": "C:\\Users\\jvillacorta\\AppData\\Roaming\\npm\\pnpm-global\\4\\node_modules\\.pnpm\\node_modules\\glob"
  },
  "169 debug pnpm:link": {
    "target": "C:\\Users\\jvillacorta\\AppData\\Roaming\\npm\\pnpm-global\\4\\node_modules\\.pnpm\\lru-cache@6.0.0\\node_modules\\lru-cache",
    "link": "C:\\Users\\jvillacorta\\AppData\\Roaming\\npm\\pnpm-global\\4\\node_modules\\.pnpm\\node_modules\\lru-cache"
  },
  "170 debug pnpm:link": {
    "target": "C:\\Users\\jvillacorta\\AppData\\Roaming\\npm\\pnpm-global\\4\\node_modules\\.pnpm\\request@2.88.2\\node_modules\\request",
    "link": "C:\\Users\\jvillacorta\\AppData\\Roaming\\npm\\pnpm-global\\4\\node_modules\\.pnpm\\node_modules\\request"
  },
  "171 debug pnpm:link": {
    "target": "C:\\Users\\jvillacorta\\AppData\\Roaming\\npm\\pnpm-global\\4\\node_modules\\.pnpm\\promise-inflight@1.0.1\\node_modules\\promise-inflight",
    "link": "C:\\Users\\jvillacorta\\AppData\\Roaming\\npm\\pnpm-global\\4\\node_modules\\.pnpm\\node_modules\\promise-inflight"
  },
  "172 debug pnpm:link": {
    "target": "C:\\Users\\jvillacorta\\AppData\\Roaming\\npm\\pnpm-global\\4\\node_modules\\.pnpm\\unique-filename@1.1.1\\node_modules\\unique-filename",
    "link": "C:\\Users\\jvillacorta\\AppData\\Roaming\\npm\\pnpm-global\\4\\node_modules\\.pnpm\\node_modules\\unique-filename"
  },
  "173 debug pnpm:link": {
    "target": "C:\\Users\\jvillacorta\\AppData\\Roaming\\npm\\pnpm-global\\4\\node_modules\\.pnpm\\which@2.0.2\\node_modules\\which",
    "link": "C:\\Users\\jvillacorta\\AppData\\Roaming\\npm\\pnpm-global\\4\\node_modules\\.pnpm\\node_modules\\which"
  },
  "174 debug pnpm:link": {
    "target": "C:\\Users\\jvillacorta\\AppData\\Roaming\\npm\\pnpm-global\\4\\node_modules\\.pnpm\\npm-bundled@1.1.1\\node_modules\\npm-bundled",
    "link": "C:\\Users\\jvillacorta\\AppData\\Roaming\\npm\\pnpm-global\\4\\node_modules\\.pnpm\\node_modules\\npm-bundled"
  },
  "175 debug pnpm:link": {
    "target": "C:\\Users\\jvillacorta\\AppData\\Roaming\\npm\\pnpm-global\\4\\node_modules\\.pnpm\\npm-normalize-package-bin@1.0.1\\node_modules\\npm-normalize-package-bin",
    "link": "C:\\Users\\jvillacorta\\AppData\\Roaming\\npm\\pnpm-global\\4\\node_modules\\.pnpm\\node_modules\\npm-normalize-package-bin"
  },
  "176 debug pnpm:link": {
    "target": "C:\\Users\\jvillacorta\\AppData\\Roaming\\npm\\pnpm-global\\4\\node_modules\\.pnpm\\@npmcli\\node-gyp@1.0.2\\node_modules\\@npmcli\\node-gyp",
    "link": "C:\\Users\\jvillacorta\\AppData\\Roaming\\npm\\pnpm-global\\4\\node_modules\\.pnpm\\node_modules\\@npmcli\\node-gyp"
  },
  "177 debug pnpm:link": {
    "target": "C:\\Users\\jvillacorta\\AppData\\Roaming\\npm\\pnpm-global\\4\\node_modules\\.pnpm\\node-gyp@7.1.2\\node_modules\\node-gyp",
    "link": "C:\\Users\\jvillacorta\\AppData\\Roaming\\npm\\pnpm-global\\4\\node_modules\\.pnpm\\node_modules\\node-gyp"
  },
  "178 debug pnpm:link": {
    "target": "C:\\Users\\jvillacorta\\AppData\\Roaming\\npm\\pnpm-global\\4\\node_modules\\.pnpm\\fast-deep-equal@3.1.3\\node_modules\\fast-deep-equal",
    "link": "C:\\Users\\jvillacorta\\AppData\\Roaming\\npm\\pnpm-global\\4\\node_modules\\.pnpm\\node_modules\\fast-deep-equal"
  },
  "179 debug pnpm:link": {
    "target": "C:\\Users\\jvillacorta\\AppData\\Roaming\\npm\\pnpm-global\\4\\node_modules\\.pnpm\\json-schema-traverse@0.4.1\\node_modules\\json-schema-traverse",
    "link": "C:\\Users\\jvillacorta\\AppData\\Roaming\\npm\\pnpm-global\\4\\node_modules\\.pnpm\\node_modules\\json-schema-traverse"
  },
  "180 debug pnpm:link": {
    "target": "C:\\Users\\jvillacorta\\AppData\\Roaming\\npm\\pnpm-global\\4\\node_modules\\.pnpm\\uri-js@4.4.1\\node_modules\\uri-js",
    "link": "C:\\Users\\jvillacorta\\AppData\\Roaming\\npm\\pnpm-global\\4\\node_modules\\.pnpm\\node_modules\\uri-js"
  },
  "181 debug pnpm:link": {
    "target": "C:\\Users\\jvillacorta\\AppData\\Roaming\\npm\\pnpm-global\\4\\node_modules\\.pnpm\\type-fest@0.21.3\\node_modules\\type-fest",
    "link": "C:\\Users\\jvillacorta\\AppData\\Roaming\\npm\\pnpm-global\\4\\node_modules\\.pnpm\\node_modules\\type-fest"
  },
  "182 debug pnpm:link": {
    "target": "C:\\Users\\jvillacorta\\AppData\\Roaming\\npm\\pnpm-global\\4\\node_modules\\.pnpm\\buffer@5.7.1\\node_modules\\buffer",
    "link": "C:\\Users\\jvillacorta\\AppData\\Roaming\\npm\\pnpm-global\\4\\node_modules\\.pnpm\\node_modules\\buffer"
  },
  "183 debug pnpm:link": {
    "target": "C:\\Users\\jvillacorta\\AppData\\Roaming\\npm\\pnpm-global\\4\\node_modules\\.pnpm\\inherits@2.0.4\\node_modules\\inherits",
    "link": "C:\\Users\\jvillacorta\\AppData\\Roaming\\npm\\pnpm-global\\4\\node_modules\\.pnpm\\node_modules\\inherits"
  },
  "184 debug pnpm:link": {
    "target": "C:\\Users\\jvillacorta\\AppData\\Roaming\\npm\\pnpm-global\\4\\node_modules\\.pnpm\\readable-stream@3.6.0\\node_modules\\readable-stream",
    "link": "C:\\Users\\jvillacorta\\AppData\\Roaming\\npm\\pnpm-global\\4\\node_modules\\.pnpm\\node_modules\\readable-stream"
  },
  "185 debug pnpm:link": {
    "target": "C:\\Users\\jvillacorta\\AppData\\Roaming\\npm\\pnpm-global\\4\\node_modules\\.pnpm\\@npmcli\\move-file@1.1.2\\node_modules\\@npmcli\\move-file",
    "link": "C:\\Users\\jvillacorta\\AppData\\Roaming\\npm\\pnpm-global\\4\\node_modules\\.pnpm\\node_modules\\@npmcli\\move-file"
  },
  "186 debug pnpm:link": {
    "target": "C:\\Users\\jvillacorta\\AppData\\Roaming\\npm\\pnpm-global\\4\\node_modules\\.pnpm\\minipass-collect@1.0.2\\node_modules\\minipass-collect",
    "link": "C:\\Users\\jvillacorta\\AppData\\Roaming\\npm\\pnpm-global\\4\\node_modules\\.pnpm\\node_modules\\minipass-collect"
  },
  "187 debug pnpm:link": {
    "target": "C:\\Users\\jvillacorta\\AppData\\Roaming\\npm\\pnpm-global\\4\\node_modules\\.pnpm\\minipass-flush@1.0.5\\node_modules\\minipass-flush",
    "link": "C:\\Users\\jvillacorta\\AppData\\Roaming\\npm\\pnpm-global\\4\\node_modules\\.pnpm\\node_modules\\minipass-flush"
  },
  "188 debug pnpm:link": {
    "target": "C:\\Users\\jvillacorta\\AppData\\Roaming\\npm\\pnpm-global\\4\\node_modules\\.pnpm\\minipass-pipeline@1.2.4\\node_modules\\minipass-pipeline",
    "link": "C:\\Users\\jvillacorta\\AppData\\Roaming\\npm\\pnpm-global\\4\\node_modules\\.pnpm\\node_modules\\minipass-pipeline"
  },
  "189 debug pnpm:link": {
    "target": "C:\\Users\\jvillacorta\\AppData\\Roaming\\npm\\pnpm-global\\4\\node_modules\\.pnpm\\p-map@4.0.0\\node_modules\\p-map",
    "link": "C:\\Users\\jvillacorta\\AppData\\Roaming\\npm\\pnpm-global\\4\\node_modules\\.pnpm\\node_modules\\p-map"
  },
  "190 debug pnpm:link": {
    "target": "C:\\Users\\jvillacorta\\AppData\\Roaming\\npm\\pnpm-global\\4\\node_modules\\.pnpm\\ansi-styles@4.3.0\\node_modules\\ansi-styles",
    "link": "C:\\Users\\jvillacorta\\AppData\\Roaming\\npm\\pnpm-global\\4\\node_modules\\.pnpm\\node_modules\\ansi-styles"
  },
  "191 debug pnpm:link": {
    "target": "C:\\Users\\jvillacorta\\AppData\\Roaming\\npm\\pnpm-global\\4\\node_modules\\.pnpm\\supports-color@7.2.0\\node_modules\\supports-color",
    "link": "C:\\Users\\jvillacorta\\AppData\\Roaming\\npm\\pnpm-global\\4\\node_modules\\.pnpm\\node_modules\\supports-color"
  },
  "192 debug pnpm:link": {
    "target": "C:\\Users\\jvillacorta\\AppData\\Roaming\\npm\\pnpm-global\\4\\node_modules\\.pnpm\\restore-cursor@3.1.0\\node_modules\\restore-cursor",
    "link": "C:\\Users\\jvillacorta\\AppData\\Roaming\\npm\\pnpm-global\\4\\node_modules\\.pnpm\\node_modules\\restore-cursor"
  },
  "193 debug pnpm:link": {
    "target": "C:\\Users\\jvillacorta\\AppData\\Roaming\\npm\\pnpm-global\\4\\node_modules\\.pnpm\\chardet@0.7.0\\node_modules\\chardet",
    "link": "C:\\Users\\jvillacorta\\AppData\\Roaming\\npm\\pnpm-global\\4\\node_modules\\.pnpm\\node_modules\\chardet"
  },
  "194 debug pnpm:link": {
    "target": "C:\\Users\\jvillacorta\\AppData\\Roaming\\npm\\pnpm-global\\4\\node_modules\\.pnpm\\iconv-lite@0.4.24\\node_modules\\iconv-lite",
    "link": "C:\\Users\\jvillacorta\\AppData\\Roaming\\npm\\pnpm-global\\4\\node_modules\\.pnpm\\node_modules\\iconv-lite"
  },
  "195 debug pnpm:link": {
    "target": "C:\\Users\\jvillacorta\\AppData\\Roaming\\npm\\pnpm-global\\4\\node_modules\\.pnpm\\tmp@0.0.33\\node_modules\\tmp",
    "link": "C:\\Users\\jvillacorta\\AppData\\Roaming\\npm\\pnpm-global\\4\\node_modules\\.pnpm\\node_modules\\tmp"
  },
  "196 debug pnpm:link": {
    "target": "C:\\Users\\jvillacorta\\AppData\\Roaming\\npm\\pnpm-global\\4\\node_modules\\.pnpm\\escape-string-regexp@1.0.5\\node_modules\\escape-string-regexp",
    "link": "C:\\Users\\jvillacorta\\AppData\\Roaming\\npm\\pnpm-global\\4\\node_modules\\.pnpm\\node_modules\\escape-string-regexp"
  },
  "197 debug pnpm:link": {
    "target": "C:\\Users\\jvillacorta\\AppData\\Roaming\\npm\\pnpm-global\\4\\node_modules\\.pnpm\\fs.realpath@1.0.0\\node_modules\\fs.realpath",
    "link": "C:\\Users\\jvillacorta\\AppData\\Roaming\\npm\\pnpm-global\\4\\node_modules\\.pnpm\\node_modules\\fs.realpath"
  },
  "198 debug pnpm:link": {
    "target": "C:\\Users\\jvillacorta\\AppData\\Roaming\\npm\\pnpm-global\\4\\node_modules\\.pnpm\\inflight@1.0.6\\node_modules\\inflight",
    "link": "C:\\Users\\jvillacorta\\AppData\\Roaming\\npm\\pnpm-global\\4\\node_modules\\.pnpm\\node_modules\\inflight"
  },
  "199 debug pnpm:link": {
    "target": "C:\\Users\\jvillacorta\\AppData\\Roaming\\npm\\pnpm-global\\4\\node_modules\\.pnpm\\minimatch@3.0.4\\node_modules\\minimatch",
    "link": "C:\\Users\\jvillacorta\\AppData\\Roaming\\npm\\pnpm-global\\4\\node_modules\\.pnpm\\node_modules\\minimatch"
  },
  "200 debug pnpm:link": {
    "target": "C:\\Users\\jvillacorta\\AppData\\Roaming\\npm\\pnpm-global\\4\\node_modules\\.pnpm\\once@1.4.0\\node_modules\\once",
    "link": "C:\\Users\\jvillacorta\\AppData\\Roaming\\npm\\pnpm-global\\4\\node_modules\\.pnpm\\node_modules\\once"
  },
  "201 debug pnpm:link": {
    "target": "C:\\Users\\jvillacorta\\AppData\\Roaming\\npm\\pnpm-global\\4\\node_modules\\.pnpm\\path-is-absolute@1.0.1\\node_modules\\path-is-absolute",
    "link": "C:\\Users\\jvillacorta\\AppData\\Roaming\\npm\\pnpm-global\\4\\node_modules\\.pnpm\\node_modules\\path-is-absolute"
  },
  "202 debug pnpm:link": {
    "target": "C:\\Users\\jvillacorta\\AppData\\Roaming\\npm\\pnpm-global\\4\\node_modules\\.pnpm\\has@1.0.3\\node_modules\\has",
    "link": "C:\\Users\\jvillacorta\\AppData\\Roaming\\npm\\pnpm-global\\4\\node_modules\\.pnpm\\node_modules\\has"
  },
  "203 debug pnpm:link": {
    "target": "C:\\Users\\jvillacorta\\AppData\\Roaming\\npm\\pnpm-global\\4\\node_modules\\.pnpm\\is-unicode-supported@0.1.0\\node_modules\\is-unicode-supported",
    "link": "C:\\Users\\jvillacorta\\AppData\\Roaming\\npm\\pnpm-global\\4\\node_modules\\.pnpm\\node_modules\\is-unicode-supported"
  },
  "204 debug pnpm:link": {
    "target": "C:\\Users\\jvillacorta\\AppData\\Roaming\\npm\\pnpm-global\\4\\node_modules\\.pnpm\\yallist@4.0.0\\node_modules\\yallist",
    "link": "C:\\Users\\jvillacorta\\AppData\\Roaming\\npm\\pnpm-global\\4\\node_modules\\.pnpm\\node_modules\\yallist"
  },
  "205 debug pnpm:link": {
    "target": "C:\\Users\\jvillacorta\\AppData\\Roaming\\npm\\pnpm-global\\4\\node_modules\\.pnpm\\sourcemap-codec@1.4.8\\node_modules\\sourcemap-codec",
    "link": "C:\\Users\\jvillacorta\\AppData\\Roaming\\npm\\pnpm-global\\4\\node_modules\\.pnpm\\node_modules\\sourcemap-codec"
  },
  "206 debug pnpm:link": {
    "target": "C:\\Users\\jvillacorta\\AppData\\Roaming\\npm\\pnpm-global\\4\\node_modules\\.pnpm\\ignore-walk@3.0.3\\node_modules\\ignore-walk",
    "link": "C:\\Users\\jvillacorta\\AppData\\Roaming\\npm\\pnpm-global\\4\\node_modules\\.pnpm\\node_modules\\ignore-walk"
  },
  "207 debug pnpm:link": {
    "target": "C:\\Users\\jvillacorta\\AppData\\Roaming\\npm\\pnpm-global\\4\\node_modules\\.pnpm\\@npmcli\\ci-detect@1.3.0\\node_modules\\@npmcli\\ci-detect",
    "link": "C:\\Users\\jvillacorta\\AppData\\Roaming\\npm\\pnpm-global\\4\\node_modules\\.pnpm\\node_modules\\@npmcli\\ci-detect"
  },
  "208 debug pnpm:link": {
    "target": "C:\\Users\\jvillacorta\\AppData\\Roaming\\npm\\pnpm-global\\4\\node_modules\\.pnpm\\make-fetch-happen@8.0.14\\node_modules\\make-fetch-happen",
    "link": "C:\\Users\\jvillacorta\\AppData\\Roaming\\npm\\pnpm-global\\4\\node_modules\\.pnpm\\node_modules\\make-fetch-happen"
  },
  "209 debug pnpm:link": {
    "target": "C:\\Users\\jvillacorta\\AppData\\Roaming\\npm\\pnpm-global\\4\\node_modules\\.pnpm\\minipass-fetch@1.3.3\\node_modules\\minipass-fetch",
    "link": "C:\\Users\\jvillacorta\\AppData\\Roaming\\npm\\pnpm-global\\4\\node_modules\\.pnpm\\node_modules\\minipass-fetch"
  },
  "210 debug pnpm:link": {
    "target": "C:\\Users\\jvillacorta\\AppData\\Roaming\\npm\\pnpm-global\\4\\node_modules\\.pnpm\\minipass-json-stream@1.0.1\\node_modules\\minipass-json-stream",
    "link": "C:\\Users\\jvillacorta\\AppData\\Roaming\\npm\\pnpm-global\\4\\node_modules\\.pnpm\\node_modules\\minipass-json-stream"
  },
  "211 debug pnpm:link": {
    "target": "C:\\Users\\jvillacorta\\AppData\\Roaming\\npm\\pnpm-global\\4\\node_modules\\.pnpm\\minizlib@2.1.2\\node_modules\\minizlib",
    "link": "C:\\Users\\jvillacorta\\AppData\\Roaming\\npm\\pnpm-global\\4\\node_modules\\.pnpm\\node_modules\\minizlib"
  },
  "212 debug pnpm:link": {
    "target": "C:\\Users\\jvillacorta\\AppData\\Roaming\\npm\\pnpm-global\\4\\node_modules\\.pnpm\\err-code@1.1.2\\node_modules\\err-code",
    "link": "C:\\Users\\jvillacorta\\AppData\\Roaming\\npm\\pnpm-global\\4\\node_modules\\.pnpm\\node_modules\\err-code"
  },
  "213 debug pnpm:link": {
    "target": "C:\\Users\\jvillacorta\\AppData\\Roaming\\npm\\pnpm-global\\4\\node_modules\\.pnpm\\retry@0.10.1\\node_modules\\retry",
    "link": "C:\\Users\\jvillacorta\\AppData\\Roaming\\npm\\pnpm-global\\4\\node_modules\\.pnpm\\node_modules\\retry"
  },
  "214 debug pnpm:link": {
    "target": "C:\\Users\\jvillacorta\\AppData\\Roaming\\npm\\pnpm-global\\4\\node_modules\\.pnpm\\json-parse-even-better-errors@2.3.1\\node_modules\\json-parse-even-better-errors",
    "link": "C:\\Users\\jvillacorta\\AppData\\Roaming\\npm\\pnpm-global\\4\\node_modules\\.pnpm\\node_modules\\json-parse-even-better-errors"
  },
  "215 debug pnpm:link": {
    "target": "C:\\Users\\jvillacorta\\AppData\\Roaming\\npm\\pnpm-global\\4\\node_modules\\.pnpm\\aws-sign2@0.7.0\\node_modules\\aws-sign2",
    "link": "C:\\Users\\jvillacorta\\AppData\\Roaming\\npm\\pnpm-global\\4\\node_modules\\.pnpm\\node_modules\\aws-sign2"
  },
  "216 debug pnpm:link": {
    "target": "C:\\Users\\jvillacorta\\AppData\\Roaming\\npm\\pnpm-global\\4\\node_modules\\.pnpm\\aws4@1.11.0\\node_modules\\aws4",
    "link": "C:\\Users\\jvillacorta\\AppData\\Roaming\\npm\\pnpm-global\\4\\node_modules\\.pnpm\\node_modules\\aws4"
  },
  "217 debug pnpm:link": {
    "target": "C:\\Users\\jvillacorta\\AppData\\Roaming\\npm\\pnpm-global\\4\\node_modules\\.pnpm\\caseless@0.12.0\\node_modules\\caseless",
    "link": "C:\\Users\\jvillacorta\\AppData\\Roaming\\npm\\pnpm-global\\4\\node_modules\\.pnpm\\node_modules\\caseless"
  },
  "218 debug pnpm:link": {
    "target": "C:\\Users\\jvillacorta\\AppData\\Roaming\\npm\\pnpm-global\\4\\node_modules\\.pnpm\\combined-stream@1.0.8\\node_modules\\combined-stream",
    "link": "C:\\Users\\jvillacorta\\AppData\\Roaming\\npm\\pnpm-global\\4\\node_modules\\.pnpm\\node_modules\\combined-stream"
  },
  "219 debug pnpm:link": {
    "target": "C:\\Users\\jvillacorta\\AppData\\Roaming\\npm\\pnpm-global\\4\\node_modules\\.pnpm\\extend@3.0.2\\node_modules\\extend",
    "link": "C:\\Users\\jvillacorta\\AppData\\Roaming\\npm\\pnpm-global\\4\\node_modules\\.pnpm\\node_modules\\extend"
  },
  "220 debug pnpm:link": {
    "target": "C:\\Users\\jvillacorta\\AppData\\Roaming\\npm\\pnpm-global\\4\\node_modules\\.pnpm\\forever-agent@0.6.1\\node_modules\\forever-agent",
    "link": "C:\\Users\\jvillacorta\\AppData\\Roaming\\npm\\pnpm-global\\4\\node_modules\\.pnpm\\node_modules\\forever-agent"
  },
  "221 debug pnpm:link": {
    "target": "C:\\Users\\jvillacorta\\AppData\\Roaming\\npm\\pnpm-global\\4\\node_modules\\.pnpm\\form-data@2.3.3\\node_modules\\form-data",
    "link": "C:\\Users\\jvillacorta\\AppData\\Roaming\\npm\\pnpm-global\\4\\node_modules\\.pnpm\\node_modules\\form-data"
  },
  "222 debug pnpm:link": {
    "target": "C:\\Users\\jvillacorta\\AppData\\Roaming\\npm\\pnpm-global\\4\\node_modules\\.pnpm\\har-validator@5.1.5\\node_modules\\har-validator",
    "link": "C:\\Users\\jvillacorta\\AppData\\Roaming\\npm\\pnpm-global\\4\\node_modules\\.pnpm\\node_modules\\har-validator"
  },
  "223 debug pnpm:link": {
    "target": "C:\\Users\\jvillacorta\\AppData\\Roaming\\npm\\pnpm-global\\4\\node_modules\\.pnpm\\http-signature@1.2.0\\node_modules\\http-signature",
    "link": "C:\\Users\\jvillacorta\\AppData\\Roaming\\npm\\pnpm-global\\4\\node_modules\\.pnpm\\node_modules\\http-signature"
  },
  "224 debug pnpm:link": {
    "target": "C:\\Users\\jvillacorta\\AppData\\Roaming\\npm\\pnpm-global\\4\\node_modules\\.pnpm\\is-typedarray@1.0.0\\node_modules\\is-typedarray",
    "link": "C:\\Users\\jvillacorta\\AppData\\Roaming\\npm\\pnpm-global\\4\\node_modules\\.pnpm\\node_modules\\is-typedarray"
  },
  "225 debug pnpm:link": {
    "target": "C:\\Users\\jvillacorta\\AppData\\Roaming\\npm\\pnpm-global\\4\\node_modules\\.pnpm\\isstream@0.1.2\\node_modules\\isstream",
    "link": "C:\\Users\\jvillacorta\\AppData\\Roaming\\npm\\pnpm-global\\4\\node_modules\\.pnpm\\node_modules\\isstream"
  },
  "226 debug pnpm:link": {
    "target": "C:\\Users\\jvillacorta\\AppData\\Roaming\\npm\\pnpm-global\\4\\node_modules\\.pnpm\\json-stringify-safe@5.0.1\\node_modules\\json-stringify-safe",
    "link": "C:\\Users\\jvillacorta\\AppData\\Roaming\\npm\\pnpm-global\\4\\node_modules\\.pnpm\\node_modules\\json-stringify-safe"
  },
  "227 debug pnpm:link": {
    "target": "C:\\Users\\jvillacorta\\AppData\\Roaming\\npm\\pnpm-global\\4\\node_modules\\.pnpm\\mime-types@2.1.30\\node_modules\\mime-types",
    "link": "C:\\Users\\jvillacorta\\AppData\\Roaming\\npm\\pnpm-global\\4\\node_modules\\mime-types"
  },
  "228 debug pnpm:link": {
    "target": "C:\\Users\\jvillacorta\\AppData\\Roaming\\npm\\pnpm-global\\4\\node_modules\\.pnpm\\oauth-sign@0.9.0\\node_modules\\oauth-sign",
    "link": "C:\\Users\\jvillacorta\\AppData\\Roaming\\npm\\pnpm-global\\4\\node_modules\\.pnpm\\node_modules\\oauth-sign"
  },
  "229 debug pnpm:link": {
    "target": "C:\\Users\\jvillacorta\\AppData\\Roaming\\npm\\pnpm-global\\4\\node_modules\\.pnpm\\performance-now@2.1.0\\node_modules\\performance-now",
    "link": "C:\\Users\\jvillacorta\\AppData\\Roaming\\npm\\pnpm-global\\4\\node_modules\\.pnpm\\node_modules\\performance-now"
  },
  "230 debug pnpm:link": {
    "target": "C:\\Users\\jvillacorta\\AppData\\Roaming\\npm\\pnpm-global\\4\\node_modules\\.pnpm\\qs@6.5.2\\node_modules\\qs",
    "link": "C:\\Users\\jvillacorta\\AppData\\Roaming\\npm\\pnpm-global\\4\\node_modules\\.pnpm\\node_modules\\qs"
  },
  "231 debug pnpm:link": {
    "target": "C:\\Users\\jvillacorta\\AppData\\Roaming\\npm\\pnpm-global\\4\\node_modules\\.pnpm\\safe-buffer@5.2.1\\node_modules\\safe-buffer",
    "link": "C:\\Users\\jvillacorta\\AppData\\Roaming\\npm\\pnpm-global\\4\\node_modules\\.pnpm\\node_modules\\safe-buffer"
  },
  "232 debug pnpm:link": {
    "target": "C:\\Users\\jvillacorta\\AppData\\Roaming\\npm\\pnpm-global\\4\\node_modules\\.pnpm\\tough-cookie@2.5.0\\node_modules\\tough-cookie",
    "link": "C:\\Users\\jvillacorta\\AppData\\Roaming\\npm\\pnpm-global\\4\\node_modules\\.pnpm\\node_modules\\tough-cookie"
  },
  "233 debug pnpm:link": {
    "target": "C:\\Users\\jvillacorta\\AppData\\Roaming\\npm\\pnpm-global\\4\\node_modules\\.pnpm\\tunnel-agent@0.6.0\\node_modules\\tunnel-agent",
    "link": "C:\\Users\\jvillacorta\\AppData\\Roaming\\npm\\pnpm-global\\4\\node_modules\\.pnpm\\node_modules\\tunnel-agent"
  },
  "234 debug pnpm:link": {
    "target": "C:\\Users\\jvillacorta\\AppData\\Roaming\\npm\\pnpm-global\\4\\node_modules\\.pnpm\\tslib@1.14.1\\node_modules\\tslib",
    "link": "C:\\Users\\jvillacorta\\AppData\\Roaming\\npm\\pnpm-global\\4\\node_modules\\.pnpm\\node_modules\\tslib"
  },
  "235 debug pnpm:link": {
    "target": "C:\\Users\\jvillacorta\\AppData\\Roaming\\npm\\pnpm-global\\4\\node_modules\\.pnpm\\emoji-regex@8.0.0\\node_modules\\emoji-regex",
    "link": "C:\\Users\\jvillacorta\\AppData\\Roaming\\npm\\pnpm-global\\4\\node_modules\\.pnpm\\node_modules\\emoji-regex"
  },
  "236 debug pnpm:link": {
    "target": "C:\\Users\\jvillacorta\\AppData\\Roaming\\npm\\pnpm-global\\4\\node_modules\\.pnpm\\is-fullwidth-code-point@3.0.0\\node_modules\\is-fullwidth-code-point",
    "link": "C:\\Users\\jvillacorta\\AppData\\Roaming\\npm\\pnpm-global\\4\\node_modules\\.pnpm\\node_modules\\is-fullwidth-code-point"
  },
  "237 debug pnpm:link": {
    "target": "C:\\Users\\jvillacorta\\AppData\\Roaming\\npm\\pnpm-global\\4\\node_modules\\.pnpm\\ansi-regex@5.0.0\\node_modules\\ansi-regex",
    "link": "C:\\Users\\jvillacorta\\AppData\\Roaming\\npm\\pnpm-global\\4\\node_modules\\.pnpm\\node_modules\\ansi-regex"
  },
  "238 debug pnpm:link": {
    "target": "C:\\Users\\jvillacorta\\AppData\\Roaming\\npm\\pnpm-global\\4\\node_modules\\.pnpm\\builtins@1.0.3\\node_modules\\builtins",
    "link": "C:\\Users\\jvillacorta\\AppData\\Roaming\\npm\\pnpm-global\\4\\node_modules\\.pnpm\\node_modules\\builtins"
  },
  "239 debug pnpm:link": {
    "target": "C:\\Users\\jvillacorta\\AppData\\Roaming\\npm\\pnpm-global\\4\\node_modules\\.pnpm\\defaults@1.0.3\\node_modules\\defaults",
    "link": "C:\\Users\\jvillacorta\\AppData\\Roaming\\npm\\pnpm-global\\4\\node_modules\\.pnpm\\node_modules\\defaults"
  },
  "240 debug pnpm:link": {
    "target": "C:\\Users\\jvillacorta\\AppData\\Roaming\\npm\\pnpm-global\\4\\node_modules\\.pnpm\\color-convert@2.0.1\\node_modules\\color-convert",
    "link": "C:\\Users\\jvillacorta\\AppData\\Roaming\\npm\\pnpm-global\\4\\node_modules\\.pnpm\\node_modules\\color-convert"
  },
  "241 debug pnpm:link": {
    "target": "C:\\Users\\jvillacorta\\AppData\\Roaming\\npm\\pnpm-global\\4\\node_modules\\.pnpm\\base64-js@1.5.1\\node_modules\\base64-js",
    "link": "C:\\Users\\jvillacorta\\AppData\\Roaming\\npm\\pnpm-global\\4\\node_modules\\.pnpm\\node_modules\\base64-js"
  },
  "242 debug pnpm:link": {
    "target": "C:\\Users\\jvillacorta\\AppData\\Roaming\\npm\\pnpm-global\\4\\node_modules\\.pnpm\\ieee754@1.2.1\\node_modules\\ieee754",
    "link": "C:\\Users\\jvillacorta\\AppData\\Roaming\\npm\\pnpm-global\\4\\node_modules\\.pnpm\\node_modules\\ieee754"
  },
  "243 debug pnpm:link": {
    "target": "C:\\Users\\jvillacorta\\AppData\\Roaming\\npm\\pnpm-global\\4\\node_modules\\.pnpm\\delayed-stream@1.0.0\\node_modules\\delayed-stream",
    "link": "C:\\Users\\jvillacorta\\AppData\\Roaming\\npm\\pnpm-global\\4\\node_modules\\.pnpm\\node_modules\\delayed-stream"
  },
  "244 debug pnpm:link": {
    "target": "C:\\Users\\jvillacorta\\AppData\\Roaming\\npm\\pnpm-global\\4\\node_modules\\.pnpm\\clone@1.0.4\\node_modules\\clone",
    "link": "C:\\Users\\jvillacorta\\AppData\\Roaming\\npm\\pnpm-global\\4\\node_modules\\.pnpm\\node_modules\\clone"
  },
  "245 debug pnpm:link": {
    "target": "C:\\Users\\jvillacorta\\AppData\\Roaming\\npm\\pnpm-global\\4\\node_modules\\.pnpm\\asynckit@0.4.0\\node_modules\\asynckit",
    "link": "C:\\Users\\jvillacorta\\AppData\\Roaming\\npm\\pnpm-global\\4\\node_modules\\.pnpm\\node_modules\\asynckit"
  },
  "246 debug pnpm:link": {
    "target": "C:\\Users\\jvillacorta\\AppData\\Roaming\\npm\\pnpm-global\\4\\node_modules\\.pnpm\\har-schema@2.0.0\\node_modules\\har-schema",
    "link": "C:\\Users\\jvillacorta\\AppData\\Roaming\\npm\\pnpm-global\\4\\node_modules\\.pnpm\\node_modules\\har-schema"
  },
  "247 debug pnpm:link": {
    "target": "C:\\Users\\jvillacorta\\AppData\\Roaming\\npm\\pnpm-global\\4\\node_modules\\.pnpm\\function-bind@1.1.1\\node_modules\\function-bind",
    "link": "C:\\Users\\jvillacorta\\AppData\\Roaming\\npm\\pnpm-global\\4\\node_modules\\.pnpm\\node_modules\\function-bind"
  },
  "248 debug pnpm:link": {
    "target": "C:\\Users\\jvillacorta\\AppData\\Roaming\\npm\\pnpm-global\\4\\node_modules\\.pnpm\\assert-plus@1.0.0\\node_modules\\assert-plus",
    "link": "C:\\Users\\jvillacorta\\AppData\\Roaming\\npm\\pnpm-global\\4\\node_modules\\.pnpm\\node_modules\\assert-plus"
  },
  "249 debug pnpm:link": {
    "target": "C:\\Users\\jvillacorta\\AppData\\Roaming\\npm\\pnpm-global\\4\\node_modules\\.pnpm\\jsprim@1.4.1\\node_modules\\jsprim",
    "link": "C:\\Users\\jvillacorta\\AppData\\Roaming\\npm\\pnpm-global\\4\\node_modules\\.pnpm\\node_modules\\jsprim"
  },
  "250 debug pnpm:link": {
    "target": "C:\\Users\\jvillacorta\\AppData\\Roaming\\npm\\pnpm-global\\4\\node_modules\\.pnpm\\sshpk@1.16.1\\node_modules\\sshpk",
    "link": "C:\\Users\\jvillacorta\\AppData\\Roaming\\npm\\pnpm-global\\4\\node_modules\\.pnpm\\node_modules\\sshpk"
  },
  "251 debug pnpm:link": {
    "target": "C:\\Users\\jvillacorta\\AppData\\Roaming\\npm\\pnpm-global\\4\\node_modules\\.pnpm\\safer-buffer@2.1.2\\node_modules\\safer-buffer",
    "link": "C:\\Users\\jvillacorta\\AppData\\Roaming\\npm\\pnpm-global\\4\\node_modules\\.pnpm\\node_modules\\safer-buffer"
  },
  "252 debug pnpm:link": {
    "target": "C:\\Users\\jvillacorta\\AppData\\Roaming\\npm\\pnpm-global\\4\\node_modules\\.pnpm\\wrappy@1.0.2\\node_modules\\wrappy",
    "link": "C:\\Users\\jvillacorta\\AppData\\Roaming\\npm\\pnpm-global\\4\\node_modules\\.pnpm\\node_modules\\wrappy"
  },
  "253 debug pnpm:link": {
    "target": "C:\\Users\\jvillacorta\\AppData\\Roaming\\npm\\pnpm-global\\4\\node_modules\\.pnpm\\agentkeepalive@4.1.4\\node_modules\\agentkeepalive",
    "link": "C:\\Users\\jvillacorta\\AppData\\Roaming\\npm\\pnpm-global\\4\\node_modules\\.pnpm\\node_modules\\agentkeepalive"
  },
  "254 debug pnpm:link": {
    "target": "C:\\Users\\jvillacorta\\AppData\\Roaming\\npm\\pnpm-global\\4\\node_modules\\.pnpm\\http-cache-semantics@4.1.0\\node_modules\\http-cache-semantics",
    "link": "C:\\Users\\jvillacorta\\AppData\\Roaming\\npm\\pnpm-global\\4\\node_modules\\.pnpm\\node_modules\\http-cache-semantics"
  },
  "255 debug pnpm:link": {
    "target": "C:\\Users\\jvillacorta\\AppData\\Roaming\\npm\\pnpm-global\\4\\node_modules\\.pnpm\\http-proxy-agent@4.0.1\\node_modules\\http-proxy-agent",
    "link": "C:\\Users\\jvillacorta\\AppData\\Roaming\\npm\\pnpm-global\\4\\node_modules\\.pnpm\\node_modules\\http-proxy-agent"
  },
  "256 debug pnpm:link": {
    "target": "C:\\Users\\jvillacorta\\AppData\\Roaming\\npm\\pnpm-global\\4\\node_modules\\.pnpm\\https-proxy-agent@5.0.0\\node_modules\\https-proxy-agent",
    "link": "C:\\Users\\jvillacorta\\AppData\\Roaming\\npm\\pnpm-global\\4\\node_modules\\.pnpm\\node_modules\\https-proxy-agent"
  },
  "257 debug pnpm:link": {
    "target": "C:\\Users\\jvillacorta\\AppData\\Roaming\\npm\\pnpm-global\\4\\node_modules\\.pnpm\\is-lambda@1.0.1\\node_modules\\is-lambda",
    "link": "C:\\Users\\jvillacorta\\AppData\\Roaming\\npm\\pnpm-global\\4\\node_modules\\.pnpm\\node_modules\\is-lambda"
  },
  "258 debug pnpm:link": {
    "target": "C:\\Users\\jvillacorta\\AppData\\Roaming\\npm\\pnpm-global\\4\\node_modules\\.pnpm\\socks-proxy-agent@5.0.0\\node_modules\\socks-proxy-agent",
    "link": "C:\\Users\\jvillacorta\\AppData\\Roaming\\npm\\pnpm-global\\4\\node_modules\\.pnpm\\node_modules\\socks-proxy-agent"
  },
  "259 debug pnpm:link": {
    "target": "C:\\Users\\jvillacorta\\AppData\\Roaming\\npm\\pnpm-global\\4\\node_modules\\.pnpm\\mime-db@1.47.0\\node_modules\\mime-db",
    "link": "C:\\Users\\jvillacorta\\AppData\\Roaming\\npm\\pnpm-global\\4\\node_modules\\.pnpm\\node_modules\\mime-db"
  },
  "260 debug pnpm:link": {
    "target": "C:\\Users\\jvillacorta\\AppData\\Roaming\\npm\\pnpm-global\\4\\node_modules\\.pnpm\\minipass-sized@1.0.3\\node_modules\\minipass-sized",
    "link": "C:\\Users\\jvillacorta\\AppData\\Roaming\\npm\\pnpm-global\\4\\node_modules\\.pnpm\\node_modules\\minipass-sized"
  },
  "261 debug pnpm:link": {
    "target": "C:\\Users\\jvillacorta\\AppData\\Roaming\\npm\\pnpm-global\\4\\node_modules\\.pnpm\\encoding@0.1.13\\node_modules\\encoding",
    "link": "C:\\Users\\jvillacorta\\AppData\\Roaming\\npm\\pnpm-global\\4\\node_modules\\.pnpm\\node_modules\\encoding"
  },
  "262 debug pnpm:link": {
    "target": "C:\\Users\\jvillacorta\\AppData\\Roaming\\npm\\pnpm-global\\4\\node_modules\\.pnpm\\jsonparse@1.3.1\\node_modules\\jsonparse",
    "link": "C:\\Users\\jvillacorta\\AppData\\Roaming\\npm\\pnpm-global\\4\\node_modules\\.pnpm\\node_modules\\jsonparse"
  },
  "263 debug pnpm:link": {
    "target": "C:\\Users\\jvillacorta\\AppData\\Roaming\\npm\\pnpm-global\\4\\node_modules\\.pnpm\\env-paths@2.2.1\\node_modules\\env-paths",
    "link": "C:\\Users\\jvillacorta\\AppData\\Roaming\\npm\\pnpm-global\\4\\node_modules\\.pnpm\\node_modules\\env-paths"
  },
  "264 debug pnpm:link": {
    "target": "C:\\Users\\jvillacorta\\AppData\\Roaming\\npm\\pnpm-global\\4\\node_modules\\.pnpm\\graceful-fs@4.2.6\\node_modules\\graceful-fs",
    "link": "C:\\Users\\jvillacorta\\AppData\\Roaming\\npm\\pnpm-global\\4\\node_modules\\.pnpm\\node_modules\\graceful-fs"
  },
  "265 debug pnpm:link": {
    "target": "C:\\Users\\jvillacorta\\AppData\\Roaming\\npm\\pnpm-global\\4\\node_modules\\.pnpm\\nopt@5.0.0\\node_modules\\nopt",
    "link": "C:\\Users\\jvillacorta\\AppData\\Roaming\\npm\\pnpm-global\\4\\node_modules\\.pnpm\\node_modules\\nopt"
  },
  "266 debug pnpm:link": {
    "target": "C:\\Users\\jvillacorta\\AppData\\Roaming\\npm\\pnpm-global\\4\\node_modules\\.pnpm\\npmlog@4.1.2\\node_modules\\npmlog",
    "link": "C:\\Users\\jvillacorta\\AppData\\Roaming\\npm\\pnpm-global\\4\\node_modules\\.pnpm\\node_modules\\npmlog"
  },
  "267 debug pnpm:link": {
    "target": "C:\\Users\\jvillacorta\\AppData\\Roaming\\npm\\pnpm-global\\4\\node_modules\\.pnpm\\aggregate-error@3.1.0\\node_modules\\aggregate-error",
    "link": "C:\\Users\\jvillacorta\\AppData\\Roaming\\npm\\pnpm-global\\4\\node_modules\\.pnpm\\node_modules\\aggregate-error"
  },
  "268 debug pnpm:link": {
    "target": "C:\\Users\\jvillacorta\\AppData\\Roaming\\npm\\pnpm-global\\4\\node_modules\\.pnpm\\string_decoder@1.3.0\\node_modules\\string_decoder",
    "link": "C:\\Users\\jvillacorta\\AppData\\Roaming\\npm\\pnpm-global\\4\\node_modules\\.pnpm\\node_modules\\string_decoder"
  },
  "269 debug pnpm:link": {
    "target": "C:\\Users\\jvillacorta\\AppData\\Roaming\\npm\\pnpm-global\\4\\node_modules\\.pnpm\\util-deprecate@1.0.2\\node_modules\\util-deprecate",
    "link": "C:\\Users\\jvillacorta\\AppData\\Roaming\\npm\\pnpm-global\\4\\node_modules\\.pnpm\\node_modules\\util-deprecate"
  },
  "270 debug pnpm:link": {
    "target": "C:\\Users\\jvillacorta\\AppData\\Roaming\\npm\\pnpm-global\\4\\node_modules\\.pnpm\\onetime@5.1.2\\node_modules\\onetime",
    "link": "C:\\Users\\jvillacorta\\AppData\\Roaming\\npm\\pnpm-global\\4\\node_modules\\.pnpm\\node_modules\\onetime"
  },
  "271 debug pnpm:link": {
    "target": "C:\\Users\\jvillacorta\\AppData\\Roaming\\npm\\pnpm-global\\4\\node_modules\\.pnpm\\signal-exit@3.0.3\\node_modules\\signal-exit",
    "link": "C:\\Users\\jvillacorta\\AppData\\Roaming\\npm\\pnpm-global\\4\\node_modules\\.pnpm\\node_modules\\signal-exit"
  },
  "272 debug pnpm:link": {
    "target": "C:\\Users\\jvillacorta\\AppData\\Roaming\\npm\\pnpm-global\\4\\node_modules\\.pnpm\\has-flag@4.0.0\\node_modules\\has-flag",
    "link": "C:\\Users\\jvillacorta\\AppData\\Roaming\\npm\\pnpm-global\\4\\node_modules\\.pnpm\\node_modules\\has-flag"
  },
  "273 debug pnpm:link": {
    "target": "C:\\Users\\jvillacorta\\AppData\\Roaming\\npm\\pnpm-global\\4\\node_modules\\.pnpm\\os-tmpdir@1.0.2\\node_modules\\os-tmpdir",
    "link": "C:\\Users\\jvillacorta\\AppData\\Roaming\\npm\\pnpm-global\\4\\node_modules\\.pnpm\\node_modules\\os-tmpdir"
  },
  "274 debug pnpm:link": {
    "target": "C:\\Users\\jvillacorta\\AppData\\Roaming\\npm\\pnpm-global\\4\\node_modules\\.pnpm\\psl@1.8.0\\node_modules\\psl",
    "link": "C:\\Users\\jvillacorta\\AppData\\Roaming\\npm\\pnpm-global\\4\\node_modules\\.pnpm\\node_modules\\psl"
  },
  "275 debug pnpm:link": {
    "target": "C:\\Users\\jvillacorta\\AppData\\Roaming\\npm\\pnpm-global\\4\\node_modules\\.pnpm\\punycode@2.1.1\\node_modules\\punycode",
    "link": "C:\\Users\\jvillacorta\\AppData\\Roaming\\npm\\pnpm-global\\4\\node_modules\\.pnpm\\node_modules\\punycode"
  },
  "276 debug pnpm:link": {
    "target": "C:\\Users\\jvillacorta\\AppData\\Roaming\\npm\\pnpm-global\\4\\node_modules\\.pnpm\\unique-slug@2.0.2\\node_modules\\unique-slug",
    "link": "C:\\Users\\jvillacorta\\AppData\\Roaming\\npm\\pnpm-global\\4\\node_modules\\.pnpm\\node_modules\\unique-slug"
  },
  "277 debug pnpm:link": {
    "target": "C:\\Users\\jvillacorta\\AppData\\Roaming\\npm\\pnpm-global\\4\\node_modules\\.pnpm\\isexe@2.0.0\\node_modules\\isexe",
    "link": "C:\\Users\\jvillacorta\\AppData\\Roaming\\npm\\pnpm-global\\4\\node_modules\\.pnpm\\node_modules\\isexe"
  },
  "278 debug pnpm:link": {
    "target": "C:\\Users\\jvillacorta\\AppData\\Roaming\\npm\\pnpm-global\\4\\node_modules\\.pnpm\\depd@1.1.2\\node_modules\\depd",
    "link": "C:\\Users\\jvillacorta\\AppData\\Roaming\\npm\\pnpm-global\\4\\node_modules\\.pnpm\\node_modules\\depd"
  },
  "279 debug pnpm:link": {
    "target": "C:\\Users\\jvillacorta\\AppData\\Roaming\\npm\\pnpm-global\\4\\node_modules\\.pnpm\\humanize-ms@1.2.1\\node_modules\\humanize-ms",
    "link": "C:\\Users\\jvillacorta\\AppData\\Roaming\\npm\\pnpm-global\\4\\node_modules\\.pnpm\\node_modules\\humanize-ms"
  },
  "280 debug pnpm:link": {
    "target": "C:\\Users\\jvillacorta\\AppData\\Roaming\\npm\\pnpm-global\\4\\node_modules\\.pnpm\\clean-stack@2.2.0\\node_modules\\clean-stack",
    "link": "C:\\Users\\jvillacorta\\AppData\\Roaming\\npm\\pnpm-global\\4\\node_modules\\.pnpm\\node_modules\\clean-stack"
  },
  "281 debug pnpm:link": {
    "target": "C:\\Users\\jvillacorta\\AppData\\Roaming\\npm\\pnpm-global\\4\\node_modules\\.pnpm\\indent-string@4.0.0\\node_modules\\indent-string",
    "link": "C:\\Users\\jvillacorta\\AppData\\Roaming\\npm\\pnpm-global\\4\\node_modules\\.pnpm\\node_modules\\indent-string"
  },
  "282 debug pnpm:link": {
    "target": "C:\\Users\\jvillacorta\\AppData\\Roaming\\npm\\pnpm-global\\4\\node_modules\\.pnpm\\color-name@1.1.4\\node_modules\\color-name",
    "link": "C:\\Users\\jvillacorta\\AppData\\Roaming\\npm\\pnpm-global\\4\\node_modules\\.pnpm\\node_modules\\color-name"
  },
  "283 debug pnpm:link": {
    "target": "C:\\Users\\jvillacorta\\AppData\\Roaming\\npm\\pnpm-global\\4\\node_modules\\.pnpm\\@tootallnate\\once@1.1.2\\node_modules\\@tootallnate\\once",
    "link": "C:\\Users\\jvillacorta\\AppData\\Roaming\\npm\\pnpm-global\\4\\node_modules\\.pnpm\\node_modules\\@tootallnate\\once"
  },
  "284 debug pnpm:link": {
    "target": "C:\\Users\\jvillacorta\\AppData\\Roaming\\npm\\pnpm-global\\4\\node_modules\\.pnpm\\agent-base@6.0.2\\node_modules\\agent-base",
    "link": "C:\\Users\\jvillacorta\\AppData\\Roaming\\npm\\pnpm-global\\4\\node_modules\\.pnpm\\node_modules\\agent-base"
  },
  "285 debug pnpm:link": {
    "target": "C:\\Users\\jvillacorta\\AppData\\Roaming\\npm\\pnpm-global\\4\\node_modules\\.pnpm\\extsprintf@1.3.0\\node_modules\\extsprintf",
    "link": "C:\\Users\\jvillacorta\\AppData\\Roaming\\npm\\pnpm-global\\4\\node_modules\\.pnpm\\node_modules\\extsprintf"
  },
  "286 debug pnpm:link": {
    "target": "C:\\Users\\jvillacorta\\AppData\\Roaming\\npm\\pnpm-global\\4\\node_modules\\.pnpm\\json-schema@0.2.3\\node_modules\\json-schema",
    "link": "C:\\Users\\jvillacorta\\AppData\\Roaming\\npm\\pnpm-global\\4\\node_modules\\.pnpm\\node_modules\\json-schema"
  },
  "287 debug pnpm:link": {
    "target": "C:\\Users\\jvillacorta\\AppData\\Roaming\\npm\\pnpm-global\\4\\node_modules\\.pnpm\\verror@1.10.0\\node_modules\\verror",
    "link": "C:\\Users\\jvillacorta\\AppData\\Roaming\\npm\\pnpm-global\\4\\node_modules\\.pnpm\\node_modules\\verror"
  },
  "288 debug pnpm:link": {
    "target": "C:\\Users\\jvillacorta\\AppData\\Roaming\\npm\\pnpm-global\\4\\node_modules\\.pnpm\\brace-expansion@1.1.11\\node_modules\\brace-expansion",
    "link": "C:\\Users\\jvillacorta\\AppData\\Roaming\\npm\\pnpm-global\\4\\node_modules\\.pnpm\\node_modules\\brace-expansion"
  },
  "289 debug pnpm:link": {
    "target": "C:\\Users\\jvillacorta\\AppData\\Roaming\\npm\\pnpm-global\\4\\node_modules\\.pnpm\\abbrev@1.1.1\\node_modules\\abbrev",
    "link": "C:\\Users\\jvillacorta\\AppData\\Roaming\\npm\\pnpm-global\\4\\node_modules\\.pnpm\\node_modules\\abbrev"
  },
  "290 debug pnpm:link": {
    "target": "C:\\Users\\jvillacorta\\AppData\\Roaming\\npm\\pnpm-global\\4\\node_modules\\.pnpm\\are-we-there-yet@1.1.5\\node_modules\\are-we-there-yet",
    "link": "C:\\Users\\jvillacorta\\AppData\\Roaming\\npm\\pnpm-global\\4\\node_modules\\.pnpm\\node_modules\\are-we-there-yet"
  },
  "291 debug pnpm:link": {
    "target": "C:\\Users\\jvillacorta\\AppData\\Roaming\\npm\\pnpm-global\\4\\node_modules\\.pnpm\\console-control-strings@1.1.0\\node_modules\\console-control-strings",
    "link": "C:\\Users\\jvillacorta\\AppData\\Roaming\\npm\\pnpm-global\\4\\node_modules\\.pnpm\\node_modules\\console-control-strings"
  },
  "292 debug pnpm:link": {
    "target": "C:\\Users\\jvillacorta\\AppData\\Roaming\\npm\\pnpm-global\\4\\node_modules\\.pnpm\\gauge@2.7.4\\node_modules\\gauge",
    "link": "C:\\Users\\jvillacorta\\AppData\\Roaming\\npm\\pnpm-global\\4\\node_modules\\.pnpm\\node_modules\\gauge"
  },
  "293 debug pnpm:link": {
    "target": "C:\\Users\\jvillacorta\\AppData\\Roaming\\npm\\pnpm-global\\4\\node_modules\\.pnpm\\set-blocking@2.0.0\\node_modules\\set-blocking",
    "link": "C:\\Users\\jvillacorta\\AppData\\Roaming\\npm\\pnpm-global\\4\\node_modules\\.pnpm\\node_modules\\set-blocking"
  },
  "294 debug pnpm:link": {
    "target": "C:\\Users\\jvillacorta\\AppData\\Roaming\\npm\\pnpm-global\\4\\node_modules\\.pnpm\\mimic-fn@2.1.0\\node_modules\\mimic-fn",
    "link": "C:\\Users\\jvillacorta\\AppData\\Roaming\\npm\\pnpm-global\\4\\node_modules\\.pnpm\\node_modules\\mimic-fn"
  },
  "295 debug pnpm:link": {
    "target": "C:\\Users\\jvillacorta\\AppData\\Roaming\\npm\\pnpm-global\\4\\node_modules\\.pnpm\\socks@2.6.0\\node_modules\\socks",
    "link": "C:\\Users\\jvillacorta\\AppData\\Roaming\\npm\\pnpm-global\\4\\node_modules\\.pnpm\\node_modules\\socks"
  },
  "296 debug pnpm:link": {
    "target": "C:\\Users\\jvillacorta\\AppData\\Roaming\\npm\\pnpm-global\\4\\node_modules\\.pnpm\\asn1@0.2.4\\node_modules\\asn1",
    "link": "C:\\Users\\jvillacorta\\AppData\\Roaming\\npm\\pnpm-global\\4\\node_modules\\.pnpm\\node_modules\\asn1"
  },
  "297 debug pnpm:link": {
    "target": "C:\\Users\\jvillacorta\\AppData\\Roaming\\npm\\pnpm-global\\4\\node_modules\\.pnpm\\bcrypt-pbkdf@1.0.2\\node_modules\\bcrypt-pbkdf",
    "link": "C:\\Users\\jvillacorta\\AppData\\Roaming\\npm\\pnpm-global\\4\\node_modules\\.pnpm\\node_modules\\bcrypt-pbkdf"
  },
  "298 debug pnpm:link": {
    "target": "C:\\Users\\jvillacorta\\AppData\\Roaming\\npm\\pnpm-global\\4\\node_modules\\.pnpm\\dashdash@1.14.1\\node_modules\\dashdash",
    "link": "C:\\Users\\jvillacorta\\AppData\\Roaming\\npm\\pnpm-global\\4\\node_modules\\.pnpm\\node_modules\\dashdash"
  },
  "299 debug pnpm:link": {
    "target": "C:\\Users\\jvillacorta\\AppData\\Roaming\\npm\\pnpm-global\\4\\node_modules\\.pnpm\\ecc-jsbn@0.1.2\\node_modules\\ecc-jsbn",
    "link": "C:\\Users\\jvillacorta\\AppData\\Roaming\\npm\\pnpm-global\\4\\node_modules\\.pnpm\\node_modules\\ecc-jsbn"
  },
  "300 debug pnpm:link": {
    "target": "C:\\Users\\jvillacorta\\AppData\\Roaming\\npm\\pnpm-global\\4\\node_modules\\.pnpm\\getpass@0.1.7\\node_modules\\getpass",
    "link": "C:\\Users\\jvillacorta\\AppData\\Roaming\\npm\\pnpm-global\\4\\node_modules\\.pnpm\\node_modules\\getpass"
  },
  "301 debug pnpm:link": {
    "target": "C:\\Users\\jvillacorta\\AppData\\Roaming\\npm\\pnpm-global\\4\\node_modules\\.pnpm\\jsbn@0.1.1\\node_modules\\jsbn",
    "link": "C:\\Users\\jvillacorta\\AppData\\Roaming\\npm\\pnpm-global\\4\\node_modules\\.pnpm\\node_modules\\jsbn"
  },
  "302 debug pnpm:link": {
    "target": "C:\\Users\\jvillacorta\\AppData\\Roaming\\npm\\pnpm-global\\4\\node_modules\\.pnpm\\tweetnacl@0.14.5\\node_modules\\tweetnacl",
    "link": "C:\\Users\\jvillacorta\\AppData\\Roaming\\npm\\pnpm-global\\4\\node_modules\\.pnpm\\node_modules\\tweetnacl"
  },
  "303 debug pnpm:link": {
    "target": "C:\\Users\\jvillacorta\\AppData\\Roaming\\npm\\pnpm-global\\4\\node_modules\\.pnpm\\imurmurhash@0.1.4\\node_modules\\imurmurhash",
    "link": "C:\\Users\\jvillacorta\\AppData\\Roaming\\npm\\pnpm-global\\4\\node_modules\\.pnpm\\node_modules\\imurmurhash"
  },
  "304 debug pnpm:link": {
    "target": "C:\\Users\\jvillacorta\\AppData\\Roaming\\npm\\pnpm-global\\4\\node_modules\\.pnpm\\delegates@1.0.0\\node_modules\\delegates",
    "link": "C:\\Users\\jvillacorta\\AppData\\Roaming\\npm\\pnpm-global\\4\\node_modules\\.pnpm\\node_modules\\delegates"
  },
  "305 debug pnpm:link": {
    "target": "C:\\Users\\jvillacorta\\AppData\\Roaming\\npm\\pnpm-global\\4\\node_modules\\.pnpm\\balanced-match@1.0.2\\node_modules\\balanced-match",
    "link": "C:\\Users\\jvillacorta\\AppData\\Roaming\\npm\\pnpm-global\\4\\node_modules\\.pnpm\\node_modules\\balanced-match"
  },
  "306 debug pnpm:link": {
    "target": "C:\\Users\\jvillacorta\\AppData\\Roaming\\npm\\pnpm-global\\4\\node_modules\\.pnpm\\concat-map@0.0.1\\node_modules\\concat-map",
    "link": "C:\\Users\\jvillacorta\\AppData\\Roaming\\npm\\pnpm-global\\4\\node_modules\\.pnpm\\node_modules\\concat-map"
  },
  "307 debug pnpm:link": {
    "target": "C:\\Users\\jvillacorta\\AppData\\Roaming\\npm\\pnpm-global\\4\\node_modules\\.pnpm\\aproba@1.2.0\\node_modules\\aproba",
    "link": "C:\\Users\\jvillacorta\\AppData\\Roaming\\npm\\pnpm-global\\4\\node_modules\\.pnpm\\node_modules\\aproba"
  },
  "308 debug pnpm:link": {
    "target": "C:\\Users\\jvillacorta\\AppData\\Roaming\\npm\\pnpm-global\\4\\node_modules\\.pnpm\\has-unicode@2.0.1\\node_modules\\has-unicode",
    "link": "C:\\Users\\jvillacorta\\AppData\\Roaming\\npm\\pnpm-global\\4\\node_modules\\.pnpm\\node_modules\\has-unicode"
  },
  "309 debug pnpm:link": {
    "target": "C:\\Users\\jvillacorta\\AppData\\Roaming\\npm\\pnpm-global\\4\\node_modules\\.pnpm\\object-assign@4.1.1\\node_modules\\object-assign",
    "link": "C:\\Users\\jvillacorta\\AppData\\Roaming\\npm\\pnpm-global\\4\\node_modules\\.pnpm\\node_modules\\object-assign"
  },
  "310 debug pnpm:link": {
    "target": "C:\\Users\\jvillacorta\\AppData\\Roaming\\npm\\pnpm-global\\4\\node_modules\\.pnpm\\wide-align@1.1.3\\node_modules\\wide-align",
    "link": "C:\\Users\\jvillacorta\\AppData\\Roaming\\npm\\pnpm-global\\4\\node_modules\\.pnpm\\node_modules\\wide-align"
  },
  "311 debug pnpm:link": {
    "target": "C:\\Users\\jvillacorta\\AppData\\Roaming\\npm\\pnpm-global\\4\\node_modules\\.pnpm\\ip@1.1.5\\node_modules\\ip",
    "link": "C:\\Users\\jvillacorta\\AppData\\Roaming\\npm\\pnpm-global\\4\\node_modules\\.pnpm\\node_modules\\ip"
  },
  "312 debug pnpm:link": {
    "target": "C:\\Users\\jvillacorta\\AppData\\Roaming\\npm\\pnpm-global\\4\\node_modules\\.pnpm\\smart-buffer@4.1.0\\node_modules\\smart-buffer",
    "link": "C:\\Users\\jvillacorta\\AppData\\Roaming\\npm\\pnpm-global\\4\\node_modules\\.pnpm\\node_modules\\smart-buffer"
  },
  "313 debug pnpm:link": {
    "target": "C:\\Users\\jvillacorta\\AppData\\Roaming\\npm\\pnpm-global\\4\\node_modules\\.pnpm\\core-util-is@1.0.2\\node_modules\\core-util-is",
    "link": "C:\\Users\\jvillacorta\\AppData\\Roaming\\npm\\pnpm-global\\4\\node_modules\\.pnpm\\node_modules\\core-util-is"
  },
  "314 debug pnpm:link": {
    "target": "C:\\Users\\jvillacorta\\AppData\\Roaming\\npm\\pnpm-global\\4\\node_modules\\.pnpm\\isarray@1.0.0\\node_modules\\isarray",
    "link": "C:\\Users\\jvillacorta\\AppData\\Roaming\\npm\\pnpm-global\\4\\node_modules\\.pnpm\\node_modules\\isarray"
  },
  "315 debug pnpm:link": {
    "target": "C:\\Users\\jvillacorta\\AppData\\Roaming\\npm\\pnpm-global\\4\\node_modules\\.pnpm\\process-nextick-args@2.0.1\\node_modules\\process-nextick-args",
    "link": "C:\\Users\\jvillacorta\\AppData\\Roaming\\npm\\pnpm-global\\4\\node_modules\\.pnpm\\node_modules\\process-nextick-args"
  },
  "316 debug pnpm:link": {
    "target": "C:\\Users\\jvillacorta\\AppData\\Roaming\\npm\\pnpm-global\\4\\node_modules\\.pnpm\\code-point-at@1.1.0\\node_modules\\code-point-at",
    "link": "C:\\Users\\jvillacorta\\AppData\\Roaming\\npm\\pnpm-global\\4\\node_modules\\.pnpm\\node_modules\\code-point-at"
  },
  "317 debug pnpm:link": {
    "target": "C:\\Users\\jvillacorta\\AppData\\Roaming\\npm\\pnpm-global\\4\\node_modules\\.pnpm\\number-is-nan@1.0.1\\node_modules\\number-is-nan",
    "link": "C:\\Users\\jvillacorta\\AppData\\Roaming\\npm\\pnpm-global\\4\\node_modules\\.pnpm\\node_modules\\number-is-nan"
  },
  "318 error pnpm": {
    "message": {
      "errno": -4048,
      "code": "EPERM",
      "syscall": "open",
      "path": "C:\\Users\\jvillacorta\\AppData\\Roaming\\npm\\pnpm"
    },
    "err": {
      "name": "Error",
      "message": "EPERM: operation not permitted, open 'C:\\Users\\jvillacorta\\AppData\\Roaming\\npm\\pnpm'",
      "code": "EPERM",
      "stack": "Error: EPERM: operation not permitted, open 'C:\\Users\\jvillacorta\\AppData\\Roaming\\npm\\pnpm'"
    }
  }
}